<?xml version="1.0" encoding="UTF-8"?>
<!-- Generated by org.testng.reporters.JUnitXMLReporter -->
<testsuite ignored="0" hostname="DESKTOP-VHGDQ5C" failures="0" tests="9" name="EdgeBrowser" time="5895.296" errors="0" timestamp="2022-05-27T16:01:52 IST">
  <testcase classname="Test123.Fb_login_test" name="@BeforeTest launchbrowser" time="5894.972">
    <failure type="org.openqa.selenium.WebDriverException" message="chrome not reachable
Build info: version: &amp;apos;3.141.59&amp;apos;, revision: &amp;apos;e82be7d358&amp;apos;, time: &amp;apos;2018-11-14T08:17:03&amp;apos;
System info: host: &amp;apos;DESKTOP-VHGDQ5C&amp;apos;, ip: &amp;apos;192.168.43.104&amp;apos;, os.name: &amp;apos;Windows 10&amp;apos;, os.arch: &amp;apos;amd64&amp;apos;, os.version: &amp;apos;10.0&amp;apos;, java.version: &amp;apos;17.0.2&amp;apos;
Driver info: driver.version: EdgeDriver
remote stacktrace: Backtrace:
	Microsoft::Applications::Events::EventProperties::unpack [0x00007FF77340CC42+24658]
	Microsoft::Applications::Events::time_ticks_t::time_ticks_t [0x00007FF77334D332+539986]
	Ordinal0 [0x00007FF772E50DBB+658875]
	Ordinal0 [0x00007FF772E3FF6C+589676]
	Ordinal0 [0x00007FF772E7BC64+834660]
	Ordinal0 [0x00007FF772E77214+815636]
	Ordinal0 [0x00007FF772E72F3B+798523]
	Ordinal0 [0x00007FF772EACD9D+1035677]
	Ordinal0 [0x00007FF772EA74B3+1012915]
	Ordinal0 [0x00007FF772E7E440+844864]
	Ordinal0 [0x00007FF772E7F848+849992]
	Microsoft::Applications::Events::EventProperty::EventProperty [0x00007FF7731117F8+120584]
	Microsoft::Applications::Events::EventProperty::EventProperty [0x00007FF7730FCE3E+36174]
	Microsoft::Applications::Events::EventProperty::EventProperty [0x00007FF77310003C+48972]
	Microsoft::Applications::Events::EventProperty::to_string [0x00007FF772F50716+30806]
	Microsoft::Applications::Events::time_ticks_t::time_ticks_t [0x00007FF773354601+569377]
	Microsoft::Applications::Events::time_ticks_t::time_ticks_t [0x00007FF773359034+588372]
	Microsoft::Applications::Events::time_ticks_t::time_ticks_t [0x00007FF77335918D+588717]
	Microsoft::Applications::Events::time_ticks_t::time_ticks_t [0x00007FF77336291E+627518]
	BaseThreadInitThunk [0x00007FF9E2D47034+20]
	RtlUserThreadStart [0x00007FF9E45A2651+33]
">
      <![CDATA[org.openqa.selenium.WebDriverException: chrome not reachable
Build info: version: '3.141.59', revision: 'e82be7d358', time: '2018-11-14T08:17:03'
System info: host: 'DESKTOP-VHGDQ5C', ip: '192.168.43.104', os.name: 'Windows 10', os.arch: 'amd64', os.version: '10.0', java.version: '17.0.2'
Driver info: driver.version: EdgeDriver
remote stacktrace: Backtrace:
Microsoft::Applications::Events::EventProperties::unpack [0x00007FF77340CC42+24658]
Microsoft::Applications::Events::time_ticks_t::time_ticks_t [0x00007FF77334D332+539986]
Ordinal0 [0x00007FF772E50DBB+658875]
Ordinal0 [0x00007FF772E3FF6C+589676]
Ordinal0 [0x00007FF772E7BC64+834660]
Ordinal0 [0x00007FF772E77214+815636]
Ordinal0 [0x00007FF772E72F3B+798523]
Ordinal0 [0x00007FF772EACD9D+1035677]
Ordinal0 [0x00007FF772EA74B3+1012915]
Ordinal0 [0x00007FF772E7E440+844864]
Ordinal0 [0x00007FF772E7F848+849992]
Microsoft::Applications::Events::EventProperty::EventProperty [0x00007FF7731117F8+120584]
Microsoft::Applications::Events::EventProperty::EventProperty [0x00007FF7730FCE3E+36174]
Microsoft::Applications::Events::EventProperty::EventProperty [0x00007FF77310003C+48972]
Microsoft::Applications::Events::EventProperty::to_string [0x00007FF772F50716+30806]
Microsoft::Applications::Events::time_ticks_t::time_ticks_t [0x00007FF773354601+569377]
Microsoft::Applications::Events::time_ticks_t::time_ticks_t [0x00007FF773359034+588372]
Microsoft::Applications::Events::time_ticks_t::time_ticks_t [0x00007FF77335918D+588717]
Microsoft::Applications::Events::time_ticks_t::time_ticks_t [0x00007FF77336291E+627518]
BaseThreadInitThunk [0x00007FF9E2D47034+20]
RtlUserThreadStart [0x00007FF9E45A2651+33]

at org.openqa.selenium.remote.W3CHandshakeResponse.lambda$errorHandler$0(W3CHandshakeResponse.java:62)
at org.openqa.selenium.remote.HandshakeResponse.lambda$getResponseFunction$0(HandshakeResponse.java:30)
at org.openqa.selenium.remote.ProtocolHandshake.lambda$createSession$0(ProtocolHandshake.java:126)
at java.base/java.util.stream.ReferencePipeline$3$1.accept(ReferencePipeline.java:197)
at java.base/java.util.Spliterators$ArraySpliterator.tryAdvance(Spliterators.java:1002)
at java.base/java.util.stream.ReferencePipeline.forEachWithCancel(ReferencePipeline.java:129)
at java.base/java.util.stream.AbstractPipeline.copyIntoWithCancel(AbstractPipeline.java:527)
at java.base/java.util.stream.AbstractPipeline.copyInto(AbstractPipeline.java:513)
at java.base/java.util.stream.AbstractPipeline.wrapAndCopyInto(AbstractPipeline.java:499)
at java.base/java.util.stream.FindOps$FindOp.evaluateSequential(FindOps.java:150)
at java.base/java.util.stream.AbstractPipeline.evaluate(AbstractPipeline.java:234)
at java.base/java.util.stream.ReferencePipeline.findFirst(ReferencePipeline.java:647)
at org.openqa.selenium.remote.ProtocolHandshake.createSession(ProtocolHandshake.java:128)
at org.openqa.selenium.remote.ProtocolHandshake.createSession(ProtocolHandshake.java:74)
at org.openqa.selenium.remote.HttpCommandExecutor.execute(HttpCommandExecutor.java:136)
at org.openqa.selenium.remote.service.DriverCommandExecutor.execute(DriverCommandExecutor.java:83)
at org.openqa.selenium.remote.RemoteWebDriver.execute(RemoteWebDriver.java:552)
at org.openqa.selenium.remote.RemoteWebDriver.startSession(RemoteWebDriver.java:213)
at org.openqa.selenium.remote.RemoteWebDriver.<init>(RemoteWebDriver.java:131)
at org.openqa.selenium.edge.EdgeDriver.<init>(EdgeDriver.java:141)
at org.openqa.selenium.edge.EdgeDriver.<init>(EdgeDriver.java:96)
at browser.BaseClass.openEdgeBrowser(BaseClass.java:11)
at Test123.Fb_login_test.launchbrowser(Fb_login_test.java:42)
... Removed 29 stack frames]]>
    </failure>
  </testcase> <!-- @BeforeTest launchbrowser -->
  <testcase classname="Test123.Instagram_Login" name="@BeforeTest launchbrowser" time="-1.653647511867E9">
    <skipped/>
  </testcase> <!-- @BeforeTest launchbrowser -->
  <testcase classname="Test123.kokilaben_test" name="@BeforeClass setbrowser" time="-1.653647511876E9">
    <skipped/>
  </testcase> <!-- @BeforeClass setbrowser -->
  <testcase classname="Test123.Fb_login_test" name="@BeforeClass setbrowser" time="-1.653647511876E9">
    <skipped/>
  </testcase> <!-- @BeforeClass setbrowser -->
  <testcase classname="Test123.Fb_login_test" name="@BeforeMethod launchbrowser" time="-1.653647511891E9">
    <skipped/>
  </testcase> <!-- @BeforeMethod launchbrowser -->
  <testcase classname="Test123.Fb_login_test" name="@AfterMethod method" time="-1.653647511901E9">
    <skipped/>
  </testcase> <!-- @AfterMethod method -->
  <testcase classname="Test123.Fb_login_test" name="@AfterClass deleteobject" time="-1.653647511916E9">
    <skipped/>
  </testcase> <!-- @AfterClass deleteobject -->
  <testcase classname="Test123.Instagram_Login" name="@BeforeClass setbrowser" time="-1.653647511923E9">
    <skipped/>
  </testcase> <!-- @BeforeClass setbrowser -->
  <testcase classname="Test123.kokilaben_test" name="@BeforeMethod launchbrowser" time="-1.653647511895E9">
    <skipped/>
  </testcase> <!-- @BeforeMethod launchbrowser -->
  <testcase classname="Test123.kokilaben_test" name="@AfterMethod endprogram" time="-1.653647511945E9">
    <skipped/>
  </testcase> <!-- @AfterMethod endprogram -->
  <testcase classname="Test123.kokilaben_test" name="@AfterClass close" time="-1.653647511956E9">
    <skipped/>
  </testcase> <!-- @AfterClass close -->
  <testcase classname="Test123.Instagram_Login" name="@BeforeMethod launchbrowser" time="-1.653647511933E9">
    <skipped/>
  </testcase> <!-- @BeforeMethod launchbrowser -->
  <testcase classname="Test123.Instagram_Login" name="@AfterMethod login" time="-1.653647511977E9">
    <skipped/>
  </testcase> <!-- @AfterMethod login -->
  <testcase classname="Test123.Instagram_Login" name="@BeforeMethod launchbrowser" time="-1.653647511995E9">
    <skipped/>
  </testcase> <!-- @BeforeMethod launchbrowser -->
  <testcase classname="Test123.Instagram_Login" name="@AfterMethod login" time="-1.653647512006E9">
    <skipped/>
  </testcase> <!-- @AfterMethod login -->
  <testcase classname="Test123.Instagram_Login" name="@BeforeMethod launchbrowser" time="-1.653647512015E9">
    <skipped/>
  </testcase> <!-- @BeforeMethod launchbrowser -->
  <testcase classname="Test123.Instagram_Login" name="@AfterMethod login" time="-1.653647512033E9">
    <skipped/>
  </testcase> <!-- @AfterMethod login -->
  <testcase classname="Test123.Instagram_Login" name="@BeforeMethod launchbrowser" time="-1.653647512039E9">
    <skipped/>
  </testcase> <!-- @BeforeMethod launchbrowser -->
  <testcase classname="Test123.Instagram_Login" name="@AfterMethod login" time="-1.653647512055E9">
    <skipped/>
  </testcase> <!-- @AfterMethod login -->
  <testcase classname="Test123.Instagram_Login" name="@BeforeMethod launchbrowser" time="-1.653647512057E9">
    <skipped/>
  </testcase> <!-- @BeforeMethod launchbrowser -->
  <testcase classname="Test123.Instagram_Login" name="@AfterMethod login" time="-1.653647512064E9">
    <skipped/>
  </testcase> <!-- @AfterMethod login -->
  <testcase classname="Test123.Instagram_Login" name="@AfterClass end" time="-1.653647512145E9">
    <skipped/>
  </testcase> <!-- @AfterClass end -->
  <testcase classname="Test123.Fb_login_test" name="@AfterTest closebrowser" time="-1.653647512153E9">
    <skipped/>
  </testcase> <!-- @AfterTest closebrowser -->
  <testcase classname="Test123.Instagram_Login" name="@AfterTest delete" time="-1.653647512172E9">
    <skipped/>
  </testcase> <!-- @AfterTest delete -->
  <testcase classname="Test123.Fb_login_test" name="test" time="0.0">
    <skipped/>
  </testcase> <!-- test -->
  <testcase classname="Test123.Fb_login_test" name="test1" time="0.0">
    <skipped/>
  </testcase> <!-- test1 -->
  <testcase classname="Test123.kokilaben_test" name="verification" time="0.0">
    <skipped/>
  </testcase> <!-- verification -->
  <testcase classname="Test123.Instagram_Login" name="title" time="0.0">
    <skipped/>
  </testcase> <!-- title -->
  <testcase classname="Test123.Instagram_Login" name="title" time="0.0">
    <skipped/>
  </testcase> <!-- title -->
  <testcase classname="Test123.Instagram_Login" name="title" time="0.0">
    <skipped/>
  </testcase> <!-- title -->
  <testcase classname="Test123.Instagram_Login" name="title" time="0.0">
    <skipped/>
  </testcase> <!-- title -->
  <testcase classname="Test123.Instagram_Login" name="title" time="0.0">
    <skipped/>
  </testcase> <!-- title -->
  <testcase classname="Test123.Instagram_Login" name="verificationtest" time="0.0">
    <skipped/>
  </testcase> <!-- verificationtest -->
</testsuite> <!-- EdgeBrowser -->
