<html>
<head>
<title>TestNG:  EdgeBrowser</title>
<link href="../testng.css" rel="stylesheet" type="text/css" />
<link href="../my-testng.css" rel="stylesheet" type="text/css" />

<style type="text/css">
.log { display: none;} 
.stack-trace { display: none;} 
</style>
<script type="text/javascript">
<!--
function flip(e) {
  current = e.style.display;
  if (current == 'block') {
    e.style.display = 'none';
    return 0;
  }
  else {
    e.style.display = 'block';
    return 1;
  }
}

function toggleBox(szDivId, elem, msg1, msg2)
{
  var res = -1;  if (document.getElementById) {
    res = flip(document.getElementById(szDivId));
  }
  else if (document.all) {
    // this is the way old msie versions work
    res = flip(document.all[szDivId]);
  }
  if(elem) {
    if(res == 0) elem.innerHTML = msg1; else elem.innerHTML = msg2;
  }

}

function toggleAllBoxes() {
  if (document.getElementsByTagName) {
    d = document.getElementsByTagName('div');
    for (i = 0; i < d.length; i++) {
      if (d[i].className == 'log') {
        flip(d[i]);
      }
    }
  }
}

// -->
</script>

</head>
<body>
<h2 align='center'>EdgeBrowser</h2><table border='1' align="center">
<tr>
<td>Tests passed/Failed/Skipped:</td><td>0/0/9</td>
</tr><tr>
<td>Started on:</td><td>Fri May 27 14:23:36 IST 2022</td>
</tr>
<tr><td>Total time:</td><td>5895 seconds (5895296 ms)</td>
</tr><tr>
<td>Included groups:</td><td></td>
</tr><tr>
<td>Excluded groups:</td><td></td>
</tr>
</table><p/>
<small><i>(Hover the method name to see the test class name)</i></small><p/>
<table width='100%' border='1' class='invocation-failed'>
<tr><td colspan='4' align='center'><b>FAILED CONFIGURATIONS</b></td></tr>
<tr><td><b>Test method</b></td>
<td width="30%"><b>Exception</b></td>
<td width="10%"><b>Time (seconds)</b></td>
<td><b>Instance</b></td>
</tr>
<tr>
<td title='Test123.Fb_login_test.launchbrowser()'><b>launchbrowser</b><br>Test class: Test123.Fb_login_test<br>Parameters: edgebrowser</td>
<td><div><pre>org.openqa.selenium.WebDriverException: chrome not reachable
Build info: version: &apos;3.141.59&apos;, revision: &apos;e82be7d358&apos;, time: &apos;2018-11-14T08:17:03&apos;
System info: host: &apos;DESKTOP-VHGDQ5C&apos;, ip: &apos;192.168.43.104&apos;, os.name: &apos;Windows 10&apos;, os.arch: &apos;amd64&apos;, os.version: &apos;10.0&apos;, java.version: &apos;17.0.2&apos;
Driver info: driver.version: EdgeDriver
remote stacktrace: Backtrace:
	Microsoft::Applications::Events::EventProperties::unpack [0x00007FF77340CC42+24658]
	Microsoft::Applications::Events::time_ticks_t::time_ticks_t [0x00007FF77334D332+539986]
	Ordinal0 [0x00007FF772E50DBB+658875]
	Ordinal0 [0x00007FF772E3FF6C+589676]
	Ordinal0 [0x00007FF772E7BC64+834660]
	Ordinal0 [0x00007FF772E77214+815636]
	Ordinal0 [0x00007FF772E72F3B+798523]
	Ordinal0 [0x00007FF772EACD9D+1035677]
	Ordinal0 [0x00007FF772EA74B3+1012915]
	Ordinal0 [0x00007FF772E7E440+844864]
	Ordinal0 [0x00007FF772E7F848+849992]
	Microsoft::Applications::Events::EventProperty::EventProperty [0x00007FF7731117F8+120584]
	Microsoft::Applications::Events::EventProperty::EventProperty [0x00007FF7730FCE3E+36174]
	Microsoft::Applications::Events::EventProperty::EventProperty [0x00007FF77310003C+48972]
	Microsoft::Applications::Events::EventProperty::to_string [0x00007FF772F50716+30806]
	Microsoft::Applications::Events::time_ticks_t::time_ticks_t [0x00007FF773354601+569377]
	Microsoft::Applications::Events::time_ticks_t::time_ticks_t [0x00007FF773359034+588372]
	Microsoft::Applications::Events::time_ticks_t::time_ticks_t [0x00007FF77335918D+588717]
	Microsoft::Applications::Events::time_ticks_t::time_ticks_t [0x00007FF77336291E+627518]
	BaseThreadInitThunk [0x00007FF9E2D47034+20]
	RtlUserThreadStart [0x00007FF9E45A2651+33]

	at org.openqa.selenium.remote.W3CHandshakeResponse.lambda$errorHandler$0(W3CHandshakeResponse.java:62)
	at org.openqa.selenium.remote.HandshakeResponse.lambda$getResponseFunction$0(HandshakeResponse.java:30)
	at org.openqa.selenium.remote.ProtocolHandshake.lambda$createSession$0(ProtocolHandshake.java:126)
	at java.base/java.util.stream.ReferencePipeline$3$1.accept(ReferencePipeline.java:197)
	at java.base/java.util.Spliterators$ArraySpliterator.tryAdvance(Spliterators.java:1002)
	at java.base/java.util.stream.ReferencePipeline.forEachWithCancel(ReferencePipeline.java:129)
	at java.base/java.util.stream.AbstractPipeline.copyIntoWithCancel(AbstractPipeline.java:527)
	at java.base/java.util.stream.AbstractPipeline.copyInto(AbstractPipeline.java:513)
	at java.base/java.util.stream.AbstractPipeline.wrapAndCopyInto(AbstractPipeline.java:499)
	at java.base/java.util.stream.FindOps$FindOp.evaluateSequential(FindOps.java:150)
	at java.base/java.util.stream.AbstractPipeline.evaluate(AbstractPipeline.java:234)
	at java.base/java.util.stream.ReferencePipeline.findFirst(ReferencePipeline.java:647)
	at org.openqa.selenium.remote.ProtocolHandshake.createSession(ProtocolHandshake.java:128)
	at org.openqa.selenium.remote.ProtocolHandshake.createSession(ProtocolHandshake.java:74)
	at org.openqa.selenium.remote.HttpCommandExecutor.execute(HttpCommandExecutor.java:136)
	at org.openqa.selenium.remote.service.DriverCommandExecutor.execute(DriverCommandExecutor.java:83)
	at org.openqa.selenium.remote.RemoteWebDriver.execute(RemoteWebDriver.java:552)
	at org.openqa.selenium.remote.RemoteWebDriver.startSession(RemoteWebDriver.java:213)
	at org.openqa.selenium.remote.RemoteWebDriver.&lt;init&gt;(RemoteWebDriver.java:131)
	at org.openqa.selenium.edge.EdgeDriver.&lt;init&gt;(EdgeDriver.java:141)
	at org.openqa.selenium.edge.EdgeDriver.&lt;init&gt;(EdgeDriver.java:96)
	at browser.BaseClass.openEdgeBrowser(BaseClass.java:11)
	at Test123.Fb_login_test.launchbrowser(Fb_login_test.java:42)
... Removed 29 stack frames</pre></div><a href='#' onClick='toggleBox("stack-trace622820646", this, "Click to show all stack frames", "Click to hide stack frames")'>Click to show all stack frames</a>
<div class='stack-trace' id='stack-trace622820646'><pre>org.openqa.selenium.WebDriverException: chrome not reachable
Build info: version: &apos;3.141.59&apos;, revision: &apos;e82be7d358&apos;, time: &apos;2018-11-14T08:17:03&apos;
System info: host: &apos;DESKTOP-VHGDQ5C&apos;, ip: &apos;192.168.43.104&apos;, os.name: &apos;Windows 10&apos;, os.arch: &apos;amd64&apos;, os.version: &apos;10.0&apos;, java.version: &apos;17.0.2&apos;
Driver info: driver.version: EdgeDriver
remote stacktrace: Backtrace:
	Microsoft::Applications::Events::EventProperties::unpack [0x00007FF77340CC42+24658]
	Microsoft::Applications::Events::time_ticks_t::time_ticks_t [0x00007FF77334D332+539986]
	Ordinal0 [0x00007FF772E50DBB+658875]
	Ordinal0 [0x00007FF772E3FF6C+589676]
	Ordinal0 [0x00007FF772E7BC64+834660]
	Ordinal0 [0x00007FF772E77214+815636]
	Ordinal0 [0x00007FF772E72F3B+798523]
	Ordinal0 [0x00007FF772EACD9D+1035677]
	Ordinal0 [0x00007FF772EA74B3+1012915]
	Ordinal0 [0x00007FF772E7E440+844864]
	Ordinal0 [0x00007FF772E7F848+849992]
	Microsoft::Applications::Events::EventProperty::EventProperty [0x00007FF7731117F8+120584]
	Microsoft::Applications::Events::EventProperty::EventProperty [0x00007FF7730FCE3E+36174]
	Microsoft::Applications::Events::EventProperty::EventProperty [0x00007FF77310003C+48972]
	Microsoft::Applications::Events::EventProperty::to_string [0x00007FF772F50716+30806]
	Microsoft::Applications::Events::time_ticks_t::time_ticks_t [0x00007FF773354601+569377]
	Microsoft::Applications::Events::time_ticks_t::time_ticks_t [0x00007FF773359034+588372]
	Microsoft::Applications::Events::time_ticks_t::time_ticks_t [0x00007FF77335918D+588717]
	Microsoft::Applications::Events::time_ticks_t::time_ticks_t [0x00007FF77336291E+627518]
	BaseThreadInitThunk [0x00007FF9E2D47034+20]
	RtlUserThreadStart [0x00007FF9E45A2651+33]

	at java.base/jdk.internal.reflect.NativeConstructorAccessorImpl.newInstance0(Native Method)
	at java.base/jdk.internal.reflect.NativeConstructorAccessorImpl.newInstance(NativeConstructorAccessorImpl.java:77)
	at java.base/jdk.internal.reflect.DelegatingConstructorAccessorImpl.newInstance(DelegatingConstructorAccessorImpl.java:45)
	at java.base/java.lang.reflect.Constructor.newInstanceWithCaller(Constructor.java:499)
	at java.base/java.lang.reflect.Constructor.newInstance(Constructor.java:480)
	at org.openqa.selenium.remote.W3CHandshakeResponse.lambda$errorHandler$0(W3CHandshakeResponse.java:62)
	at org.openqa.selenium.remote.HandshakeResponse.lambda$getResponseFunction$0(HandshakeResponse.java:30)
	at org.openqa.selenium.remote.ProtocolHandshake.lambda$createSession$0(ProtocolHandshake.java:126)
	at java.base/java.util.stream.ReferencePipeline$3$1.accept(ReferencePipeline.java:197)
	at java.base/java.util.Spliterators$ArraySpliterator.tryAdvance(Spliterators.java:1002)
	at java.base/java.util.stream.ReferencePipeline.forEachWithCancel(ReferencePipeline.java:129)
	at java.base/java.util.stream.AbstractPipeline.copyIntoWithCancel(AbstractPipeline.java:527)
	at java.base/java.util.stream.AbstractPipeline.copyInto(AbstractPipeline.java:513)
	at java.base/java.util.stream.AbstractPipeline.wrapAndCopyInto(AbstractPipeline.java:499)
	at java.base/java.util.stream.FindOps$FindOp.evaluateSequential(FindOps.java:150)
	at java.base/java.util.stream.AbstractPipeline.evaluate(AbstractPipeline.java:234)
	at java.base/java.util.stream.ReferencePipeline.findFirst(ReferencePipeline.java:647)
	at org.openqa.selenium.remote.ProtocolHandshake.createSession(ProtocolHandshake.java:128)
	at org.openqa.selenium.remote.ProtocolHandshake.createSession(ProtocolHandshake.java:74)
	at org.openqa.selenium.remote.HttpCommandExecutor.execute(HttpCommandExecutor.java:136)
	at org.openqa.selenium.remote.service.DriverCommandExecutor.execute(DriverCommandExecutor.java:83)
	at org.openqa.selenium.remote.RemoteWebDriver.execute(RemoteWebDriver.java:552)
	at org.openqa.selenium.remote.RemoteWebDriver.startSession(RemoteWebDriver.java:213)
	at org.openqa.selenium.remote.RemoteWebDriver.&lt;init&gt;(RemoteWebDriver.java:131)
	at org.openqa.selenium.edge.EdgeDriver.&lt;init&gt;(EdgeDriver.java:141)
	at org.openqa.selenium.edge.EdgeDriver.&lt;init&gt;(EdgeDriver.java:96)
	at browser.BaseClass.openEdgeBrowser(BaseClass.java:11)
	at Test123.Fb_login_test.launchbrowser(Fb_login_test.java:42)
	at java.base/jdk.internal.reflect.NativeMethodAccessorImpl.invoke0(Native Method)
	at java.base/jdk.internal.reflect.NativeMethodAccessorImpl.invoke(NativeMethodAccessorImpl.java:77)
	at java.base/jdk.internal.reflect.DelegatingMethodAccessorImpl.invoke(DelegatingMethodAccessorImpl.java:43)
	at java.base/java.lang.reflect.Method.invoke(Method.java:568)
	at org.testng.internal.MethodInvocationHelper.invokeMethod(MethodInvocationHelper.java:133)
	at org.testng.internal.MethodInvocationHelper.invokeMethodConsideringTimeout(MethodInvocationHelper.java:62)
	at org.testng.internal.ConfigInvoker.invokeConfigurationMethod(ConfigInvoker.java:385)
	at org.testng.internal.ConfigInvoker.invokeConfigurations(ConfigInvoker.java:321)
	at org.testng.TestRunner.invokeTestConfigurations(TestRunner.java:637)
	at org.testng.TestRunner.beforeRun(TestRunner.java:627)
	at org.testng.TestRunner.run(TestRunner.java:589)
	at org.testng.SuiteRunner.runTest(SuiteRunner.java:377)
	at org.testng.SuiteRunner.runSequentially(SuiteRunner.java:371)
	at org.testng.SuiteRunner.privateRun(SuiteRunner.java:332)
	at org.testng.SuiteRunner.run(SuiteRunner.java:276)
	at org.testng.SuiteRunnerWorker.runSuite(SuiteRunnerWorker.java:53)
	at org.testng.SuiteRunnerWorker.run(SuiteRunnerWorker.java:96)
	at org.testng.TestNG.runSuitesSequentially(TestNG.java:1212)
	at org.testng.TestNG.runSuitesLocally(TestNG.java:1134)
	at org.testng.TestNG.runSuites(TestNG.java:1063)
	at org.testng.TestNG.run(TestNG.java:1031)
	at org.testng.remote.AbstractRemoteTestNG.run(AbstractRemoteTestNG.java:115)
	at org.testng.remote.RemoteTestNG.initAndRun(RemoteTestNG.java:251)
	at org.testng.remote.RemoteTestNG.main(RemoteTestNG.java:77)
</pre></div></td>
<td>5894</td>
<td>Test123.Fb_login_test@37d4349f</td></tr>
</table><p>
<table width='100%' border='1' class='invocation-skipped'>
<tr><td colspan='4' align='center'><b>SKIPPED CONFIGURATIONS</b></td></tr>
<tr><td><b>Test method</b></td>
<td width="30%"><b>Exception</b></td>
<td width="10%"><b>Time (seconds)</b></td>
<td><b>Instance</b></td>
</tr>
<tr>
<td title='Test123.Fb_login_test.method()'><b>method</b><br>Test class: Test123.Fb_login_test</td>
<td></td>
<td>-1653647511</td>
<td>Test123.Fb_login_test@37d4349f</td></tr>
<tr>
<td title='Test123.Fb_login_test.setbrowser()'><b>setbrowser</b><br>Test class: Test123.Fb_login_test</td>
<td></td>
<td>-1653647511</td>
<td>Test123.Fb_login_test@37d4349f</td></tr>
<tr>
<td title='Test123.Instagram_Login.delete()'><b>delete</b><br>Test class: Test123.Instagram_Login</td>
<td></td>
<td>-1653647512</td>
<td>Test123.Instagram_Login@7c711375</td></tr>
<tr>
<td title='Test123.Instagram_Login.login()'><b>login</b><br>Test class: Test123.Instagram_Login</td>
<td></td>
<td>-1653647512</td>
<td>Test123.Instagram_Login@7c711375</td></tr>
<tr>
<td title='Test123.Instagram_Login.launchbrowser()'><b>launchbrowser</b><br>Test class: Test123.Instagram_Login</td>
<td></td>
<td>-1653647512</td>
<td>Test123.Instagram_Login@7c711375</td></tr>
<tr>
<td title='Test123.Fb_login_test.launchbrowser()'><b>launchbrowser</b><br>Test class: Test123.Fb_login_test</td>
<td></td>
<td>-1653647511</td>
<td>Test123.Fb_login_test@37d4349f</td></tr>
<tr>
<td title='Test123.kokilaben_test.launchbrowser()'><b>launchbrowser</b><br>Test class: Test123.kokilaben_test</td>
<td></td>
<td>-1653647511</td>
<td>Test123.kokilaben_test@434a63ab</td></tr>
<tr>
<td title='Test123.Instagram_Login.setbrowser()'><b>setbrowser</b><br>Test class: Test123.Instagram_Login</td>
<td></td>
<td>-1653647511</td>
<td>Test123.Instagram_Login@7c711375</td></tr>
<tr>
<td title='Test123.Instagram_Login.launchbrowser()'><b>launchbrowser</b><br>Test class: Test123.Instagram_Login</td>
<td></td>
<td>-1653647511</td>
<td>Test123.Instagram_Login@7c711375</td></tr>
<tr>
<td title='Test123.Instagram_Login.login()'><b>login</b><br>Test class: Test123.Instagram_Login</td>
<td></td>
<td>-1653647512</td>
<td>Test123.Instagram_Login@7c711375</td></tr>
<tr>
<td title='Test123.kokilaben_test.endprogram()'><b>endprogram</b><br>Test class: Test123.kokilaben_test</td>
<td></td>
<td>-1653647511</td>
<td>Test123.kokilaben_test@434a63ab</td></tr>
<tr>
<td title='Test123.Instagram_Login.end()'><b>end</b><br>Test class: Test123.Instagram_Login</td>
<td></td>
<td>-1653647512</td>
<td>Test123.Instagram_Login@7c711375</td></tr>
<tr>
<td title='Test123.Instagram_Login.login()'><b>login</b><br>Test class: Test123.Instagram_Login</td>
<td></td>
<td>-1653647511</td>
<td>Test123.Instagram_Login@7c711375</td></tr>
<tr>
<td title='Test123.Instagram_Login.login()'><b>login</b><br>Test class: Test123.Instagram_Login</td>
<td></td>
<td>-1653647512</td>
<td>Test123.Instagram_Login@7c711375</td></tr>
<tr>
<td title='Test123.Instagram_Login.launchbrowser()'><b>launchbrowser</b><br>Test class: Test123.Instagram_Login</td>
<td></td>
<td>-1653647511</td>
<td>Test123.Instagram_Login@7c711375</td></tr>
<tr>
<td title='Test123.Instagram_Login.launchbrowser()'><b>launchbrowser</b><br>Test class: Test123.Instagram_Login</td>
<td></td>
<td>-1653647511</td>
<td>Test123.Instagram_Login@7c711375</td></tr>
<tr>
<td title='Test123.Instagram_Login.launchbrowser()'><b>launchbrowser</b><br>Test class: Test123.Instagram_Login</td>
<td></td>
<td>-1653647512</td>
<td>Test123.Instagram_Login@7c711375</td></tr>
<tr>
<td title='Test123.Fb_login_test.closebrowser()'><b>closebrowser</b><br>Test class: Test123.Fb_login_test</td>
<td></td>
<td>-1653647512</td>
<td>Test123.Fb_login_test@37d4349f</td></tr>
<tr>
<td title='Test123.kokilaben_test.close()'><b>close</b><br>Test class: Test123.kokilaben_test</td>
<td></td>
<td>-1653647511</td>
<td>Test123.kokilaben_test@434a63ab</td></tr>
<tr>
<td title='Test123.Instagram_Login.login()'><b>login</b><br>Test class: Test123.Instagram_Login</td>
<td></td>
<td>-1653647512</td>
<td>Test123.Instagram_Login@7c711375</td></tr>
<tr>
<td title='Test123.kokilaben_test.setbrowser()'><b>setbrowser</b><br>Test class: Test123.kokilaben_test</td>
<td></td>
<td>-1653647511</td>
<td>Test123.kokilaben_test@434a63ab</td></tr>
<tr>
<td title='Test123.Fb_login_test.deleteobject()'><b>deleteobject</b><br>Test class: Test123.Fb_login_test</td>
<td></td>
<td>-1653647511</td>
<td>Test123.Fb_login_test@37d4349f</td></tr>
<tr>
<td title='Test123.Instagram_Login.launchbrowser()'><b>launchbrowser</b><br>Test class: Test123.Instagram_Login</td>
<td></td>
<td>-1653647512</td>
<td>Test123.Instagram_Login@7c711375</td></tr>
</table><p>
<table width='100%' border='1' class='invocation-skipped'>
<tr><td colspan='4' align='center'><b>SKIPPED TESTS</b></td></tr>
<tr><td><b>Test method</b></td>
<td width="30%"><b>Exception</b></td>
<td width="10%"><b>Time (seconds)</b></td>
<td><b>Instance</b></td>
</tr>
<tr>
<td title='Test123.Fb_login_test.test1()'><b>test1</b><br>Test class: Test123.Fb_login_test</td>
<td><div><pre>java.lang.Throwable: Method Fb_login_test.test1()[pri:0, instance:Test123.Fb_login_test@37d4349f] depends on not successfully finished methods
	at java.base/java.util.concurrent.ThreadPoolExecutor.runWorker(ThreadPoolExecutor.java:1136)
	at java.base/java.util.concurrent.ThreadPoolExecutor$Worker.run(ThreadPoolExecutor.java:635)
	at java.base/java.lang.Thread.run(Thread.java:833)
... Removed 3 stack frames</pre></div><a href='#' onClick='toggleBox("stack-trace1026736757", this, "Click to show all stack frames", "Click to hide stack frames")'>Click to show all stack frames</a>
<div class='stack-trace' id='stack-trace1026736757'><pre>java.lang.Throwable: Method Fb_login_test.test1()[pri:0, instance:Test123.Fb_login_test@37d4349f] depends on not successfully finished methods
	at org.testng.internal.TestInvoker.invokeTestMethods(TestInvoker.java:102)
	at org.testng.internal.TestMethodWorker.invokeTestMethods(TestMethodWorker.java:146)
	at org.testng.internal.TestMethodWorker.run(TestMethodWorker.java:128)
	at java.base/java.util.concurrent.ThreadPoolExecutor.runWorker(ThreadPoolExecutor.java:1136)
	at java.base/java.util.concurrent.ThreadPoolExecutor$Worker.run(ThreadPoolExecutor.java:635)
	at java.base/java.lang.Thread.run(Thread.java:833)
</pre></div></td>
<td>0</td>
<td>Test123.Fb_login_test@37d4349f</td></tr>
<tr>
<td title='Test123.Instagram_Login.title()'><b>title</b><br>Test class: Test123.Instagram_Login</td>
<td><div><pre>org.openqa.selenium.WebDriverException: chrome not reachable
Build info: version: &apos;3.141.59&apos;, revision: &apos;e82be7d358&apos;, time: &apos;2018-11-14T08:17:03&apos;
System info: host: &apos;DESKTOP-VHGDQ5C&apos;, ip: &apos;192.168.43.104&apos;, os.name: &apos;Windows 10&apos;, os.arch: &apos;amd64&apos;, os.version: &apos;10.0&apos;, java.version: &apos;17.0.2&apos;
Driver info: driver.version: EdgeDriver
remote stacktrace: Backtrace:
	Microsoft::Applications::Events::EventProperties::unpack [0x00007FF77340CC42+24658]
	Microsoft::Applications::Events::time_ticks_t::time_ticks_t [0x00007FF77334D332+539986]
	Ordinal0 [0x00007FF772E50DBB+658875]
	Ordinal0 [0x00007FF772E3FF6C+589676]
	Ordinal0 [0x00007FF772E7BC64+834660]
	Ordinal0 [0x00007FF772E77214+815636]
	Ordinal0 [0x00007FF772E72F3B+798523]
	Ordinal0 [0x00007FF772EACD9D+1035677]
	Ordinal0 [0x00007FF772EA74B3+1012915]
	Ordinal0 [0x00007FF772E7E440+844864]
	Ordinal0 [0x00007FF772E7F848+849992]
	Microsoft::Applications::Events::EventProperty::EventProperty [0x00007FF7731117F8+120584]
	Microsoft::Applications::Events::EventProperty::EventProperty [0x00007FF7730FCE3E+36174]
	Microsoft::Applications::Events::EventProperty::EventProperty [0x00007FF77310003C+48972]
	Microsoft::Applications::Events::EventProperty::to_string [0x00007FF772F50716+30806]
	Microsoft::Applications::Events::time_ticks_t::time_ticks_t [0x00007FF773354601+569377]
	Microsoft::Applications::Events::time_ticks_t::time_ticks_t [0x00007FF773359034+588372]
	Microsoft::Applications::Events::time_ticks_t::time_ticks_t [0x00007FF77335918D+588717]
	Microsoft::Applications::Events::time_ticks_t::time_ticks_t [0x00007FF77336291E+627518]
	BaseThreadInitThunk [0x00007FF9E2D47034+20]
	RtlUserThreadStart [0x00007FF9E45A2651+33]

	at org.openqa.selenium.remote.W3CHandshakeResponse.lambda$errorHandler$0(W3CHandshakeResponse.java:62)
	at org.openqa.selenium.remote.HandshakeResponse.lambda$getResponseFunction$0(HandshakeResponse.java:30)
	at org.openqa.selenium.remote.ProtocolHandshake.lambda$createSession$0(ProtocolHandshake.java:126)
	at java.base/java.util.stream.ReferencePipeline$3$1.accept(ReferencePipeline.java:197)
	at java.base/java.util.Spliterators$ArraySpliterator.tryAdvance(Spliterators.java:1002)
	at java.base/java.util.stream.ReferencePipeline.forEachWithCancel(ReferencePipeline.java:129)
	at java.base/java.util.stream.AbstractPipeline.copyIntoWithCancel(AbstractPipeline.java:527)
	at java.base/java.util.stream.AbstractPipeline.copyInto(AbstractPipeline.java:513)
	at java.base/java.util.stream.AbstractPipeline.wrapAndCopyInto(AbstractPipeline.java:499)
	at java.base/java.util.stream.FindOps$FindOp.evaluateSequential(FindOps.java:150)
	at java.base/java.util.stream.AbstractPipeline.evaluate(AbstractPipeline.java:234)
	at java.base/java.util.stream.ReferencePipeline.findFirst(ReferencePipeline.java:647)
	at org.openqa.selenium.remote.ProtocolHandshake.createSession(ProtocolHandshake.java:128)
	at org.openqa.selenium.remote.ProtocolHandshake.createSession(ProtocolHandshake.java:74)
	at org.openqa.selenium.remote.HttpCommandExecutor.execute(HttpCommandExecutor.java:136)
	at org.openqa.selenium.remote.service.DriverCommandExecutor.execute(DriverCommandExecutor.java:83)
	at org.openqa.selenium.remote.RemoteWebDriver.execute(RemoteWebDriver.java:552)
	at org.openqa.selenium.remote.RemoteWebDriver.startSession(RemoteWebDriver.java:213)
	at org.openqa.selenium.remote.RemoteWebDriver.&lt;init&gt;(RemoteWebDriver.java:131)
	at org.openqa.selenium.edge.EdgeDriver.&lt;init&gt;(EdgeDriver.java:141)
	at org.openqa.selenium.edge.EdgeDriver.&lt;init&gt;(EdgeDriver.java:96)
	at browser.BaseClass.openEdgeBrowser(BaseClass.java:11)
	at Test123.Fb_login_test.launchbrowser(Fb_login_test.java:42)
... Removed 29 stack frames</pre></div><a href='#' onClick='toggleBox("stack-trace1321463636", this, "Click to show all stack frames", "Click to hide stack frames")'>Click to show all stack frames</a>
<div class='stack-trace' id='stack-trace1321463636'><pre>org.openqa.selenium.WebDriverException: chrome not reachable
Build info: version: &apos;3.141.59&apos;, revision: &apos;e82be7d358&apos;, time: &apos;2018-11-14T08:17:03&apos;
System info: host: &apos;DESKTOP-VHGDQ5C&apos;, ip: &apos;192.168.43.104&apos;, os.name: &apos;Windows 10&apos;, os.arch: &apos;amd64&apos;, os.version: &apos;10.0&apos;, java.version: &apos;17.0.2&apos;
Driver info: driver.version: EdgeDriver
remote stacktrace: Backtrace:
	Microsoft::Applications::Events::EventProperties::unpack [0x00007FF77340CC42+24658]
	Microsoft::Applications::Events::time_ticks_t::time_ticks_t [0x00007FF77334D332+539986]
	Ordinal0 [0x00007FF772E50DBB+658875]
	Ordinal0 [0x00007FF772E3FF6C+589676]
	Ordinal0 [0x00007FF772E7BC64+834660]
	Ordinal0 [0x00007FF772E77214+815636]
	Ordinal0 [0x00007FF772E72F3B+798523]
	Ordinal0 [0x00007FF772EACD9D+1035677]
	Ordinal0 [0x00007FF772EA74B3+1012915]
	Ordinal0 [0x00007FF772E7E440+844864]
	Ordinal0 [0x00007FF772E7F848+849992]
	Microsoft::Applications::Events::EventProperty::EventProperty [0x00007FF7731117F8+120584]
	Microsoft::Applications::Events::EventProperty::EventProperty [0x00007FF7730FCE3E+36174]
	Microsoft::Applications::Events::EventProperty::EventProperty [0x00007FF77310003C+48972]
	Microsoft::Applications::Events::EventProperty::to_string [0x00007FF772F50716+30806]
	Microsoft::Applications::Events::time_ticks_t::time_ticks_t [0x00007FF773354601+569377]
	Microsoft::Applications::Events::time_ticks_t::time_ticks_t [0x00007FF773359034+588372]
	Microsoft::Applications::Events::time_ticks_t::time_ticks_t [0x00007FF77335918D+588717]
	Microsoft::Applications::Events::time_ticks_t::time_ticks_t [0x00007FF77336291E+627518]
	BaseThreadInitThunk [0x00007FF9E2D47034+20]
	RtlUserThreadStart [0x00007FF9E45A2651+33]

	at java.base/jdk.internal.reflect.NativeConstructorAccessorImpl.newInstance0(Native Method)
	at java.base/jdk.internal.reflect.NativeConstructorAccessorImpl.newInstance(NativeConstructorAccessorImpl.java:77)
	at java.base/jdk.internal.reflect.DelegatingConstructorAccessorImpl.newInstance(DelegatingConstructorAccessorImpl.java:45)
	at java.base/java.lang.reflect.Constructor.newInstanceWithCaller(Constructor.java:499)
	at java.base/java.lang.reflect.Constructor.newInstance(Constructor.java:480)
	at org.openqa.selenium.remote.W3CHandshakeResponse.lambda$errorHandler$0(W3CHandshakeResponse.java:62)
	at org.openqa.selenium.remote.HandshakeResponse.lambda$getResponseFunction$0(HandshakeResponse.java:30)
	at org.openqa.selenium.remote.ProtocolHandshake.lambda$createSession$0(ProtocolHandshake.java:126)
	at java.base/java.util.stream.ReferencePipeline$3$1.accept(ReferencePipeline.java:197)
	at java.base/java.util.Spliterators$ArraySpliterator.tryAdvance(Spliterators.java:1002)
	at java.base/java.util.stream.ReferencePipeline.forEachWithCancel(ReferencePipeline.java:129)
	at java.base/java.util.stream.AbstractPipeline.copyIntoWithCancel(AbstractPipeline.java:527)
	at java.base/java.util.stream.AbstractPipeline.copyInto(AbstractPipeline.java:513)
	at java.base/java.util.stream.AbstractPipeline.wrapAndCopyInto(AbstractPipeline.java:499)
	at java.base/java.util.stream.FindOps$FindOp.evaluateSequential(FindOps.java:150)
	at java.base/java.util.stream.AbstractPipeline.evaluate(AbstractPipeline.java:234)
	at java.base/java.util.stream.ReferencePipeline.findFirst(ReferencePipeline.java:647)
	at org.openqa.selenium.remote.ProtocolHandshake.createSession(ProtocolHandshake.java:128)
	at org.openqa.selenium.remote.ProtocolHandshake.createSession(ProtocolHandshake.java:74)
	at org.openqa.selenium.remote.HttpCommandExecutor.execute(HttpCommandExecutor.java:136)
	at org.openqa.selenium.remote.service.DriverCommandExecutor.execute(DriverCommandExecutor.java:83)
	at org.openqa.selenium.remote.RemoteWebDriver.execute(RemoteWebDriver.java:552)
	at org.openqa.selenium.remote.RemoteWebDriver.startSession(RemoteWebDriver.java:213)
	at org.openqa.selenium.remote.RemoteWebDriver.&lt;init&gt;(RemoteWebDriver.java:131)
	at org.openqa.selenium.edge.EdgeDriver.&lt;init&gt;(EdgeDriver.java:141)
	at org.openqa.selenium.edge.EdgeDriver.&lt;init&gt;(EdgeDriver.java:96)
	at browser.BaseClass.openEdgeBrowser(BaseClass.java:11)
	at Test123.Fb_login_test.launchbrowser(Fb_login_test.java:42)
	at java.base/jdk.internal.reflect.NativeMethodAccessorImpl.invoke0(Native Method)
	at java.base/jdk.internal.reflect.NativeMethodAccessorImpl.invoke(NativeMethodAccessorImpl.java:77)
	at java.base/jdk.internal.reflect.DelegatingMethodAccessorImpl.invoke(DelegatingMethodAccessorImpl.java:43)
	at java.base/java.lang.reflect.Method.invoke(Method.java:568)
	at org.testng.internal.MethodInvocationHelper.invokeMethod(MethodInvocationHelper.java:133)
	at org.testng.internal.MethodInvocationHelper.invokeMethodConsideringTimeout(MethodInvocationHelper.java:62)
	at org.testng.internal.ConfigInvoker.invokeConfigurationMethod(ConfigInvoker.java:385)
	at org.testng.internal.ConfigInvoker.invokeConfigurations(ConfigInvoker.java:321)
	at org.testng.TestRunner.invokeTestConfigurations(TestRunner.java:637)
	at org.testng.TestRunner.beforeRun(TestRunner.java:627)
	at org.testng.TestRunner.run(TestRunner.java:589)
	at org.testng.SuiteRunner.runTest(SuiteRunner.java:377)
	at org.testng.SuiteRunner.runSequentially(SuiteRunner.java:371)
	at org.testng.SuiteRunner.privateRun(SuiteRunner.java:332)
	at org.testng.SuiteRunner.run(SuiteRunner.java:276)
	at org.testng.SuiteRunnerWorker.runSuite(SuiteRunnerWorker.java:53)
	at org.testng.SuiteRunnerWorker.run(SuiteRunnerWorker.java:96)
	at org.testng.TestNG.runSuitesSequentially(TestNG.java:1212)
	at org.testng.TestNG.runSuitesLocally(TestNG.java:1134)
	at org.testng.TestNG.runSuites(TestNG.java:1063)
	at org.testng.TestNG.run(TestNG.java:1031)
	at org.testng.remote.AbstractRemoteTestNG.run(AbstractRemoteTestNG.java:115)
	at org.testng.remote.RemoteTestNG.initAndRun(RemoteTestNG.java:251)
	at org.testng.remote.RemoteTestNG.main(RemoteTestNG.java:77)
</pre></div></td>
<td>0</td>
<td>Test123.Instagram_Login@7c711375</td></tr>
<tr>
<td title='Test123.Fb_login_test.test()'><b>test</b><br>Test class: Test123.Fb_login_test</td>
<td><div><pre>org.openqa.selenium.WebDriverException: chrome not reachable
Build info: version: &apos;3.141.59&apos;, revision: &apos;e82be7d358&apos;, time: &apos;2018-11-14T08:17:03&apos;
System info: host: &apos;DESKTOP-VHGDQ5C&apos;, ip: &apos;192.168.43.104&apos;, os.name: &apos;Windows 10&apos;, os.arch: &apos;amd64&apos;, os.version: &apos;10.0&apos;, java.version: &apos;17.0.2&apos;
Driver info: driver.version: EdgeDriver
remote stacktrace: Backtrace:
	Microsoft::Applications::Events::EventProperties::unpack [0x00007FF77340CC42+24658]
	Microsoft::Applications::Events::time_ticks_t::time_ticks_t [0x00007FF77334D332+539986]
	Ordinal0 [0x00007FF772E50DBB+658875]
	Ordinal0 [0x00007FF772E3FF6C+589676]
	Ordinal0 [0x00007FF772E7BC64+834660]
	Ordinal0 [0x00007FF772E77214+815636]
	Ordinal0 [0x00007FF772E72F3B+798523]
	Ordinal0 [0x00007FF772EACD9D+1035677]
	Ordinal0 [0x00007FF772EA74B3+1012915]
	Ordinal0 [0x00007FF772E7E440+844864]
	Ordinal0 [0x00007FF772E7F848+849992]
	Microsoft::Applications::Events::EventProperty::EventProperty [0x00007FF7731117F8+120584]
	Microsoft::Applications::Events::EventProperty::EventProperty [0x00007FF7730FCE3E+36174]
	Microsoft::Applications::Events::EventProperty::EventProperty [0x00007FF77310003C+48972]
	Microsoft::Applications::Events::EventProperty::to_string [0x00007FF772F50716+30806]
	Microsoft::Applications::Events::time_ticks_t::time_ticks_t [0x00007FF773354601+569377]
	Microsoft::Applications::Events::time_ticks_t::time_ticks_t [0x00007FF773359034+588372]
	Microsoft::Applications::Events::time_ticks_t::time_ticks_t [0x00007FF77335918D+588717]
	Microsoft::Applications::Events::time_ticks_t::time_ticks_t [0x00007FF77336291E+627518]
	BaseThreadInitThunk [0x00007FF9E2D47034+20]
	RtlUserThreadStart [0x00007FF9E45A2651+33]

	at org.openqa.selenium.remote.W3CHandshakeResponse.lambda$errorHandler$0(W3CHandshakeResponse.java:62)
	at org.openqa.selenium.remote.HandshakeResponse.lambda$getResponseFunction$0(HandshakeResponse.java:30)
	at org.openqa.selenium.remote.ProtocolHandshake.lambda$createSession$0(ProtocolHandshake.java:126)
	at java.base/java.util.stream.ReferencePipeline$3$1.accept(ReferencePipeline.java:197)
	at java.base/java.util.Spliterators$ArraySpliterator.tryAdvance(Spliterators.java:1002)
	at java.base/java.util.stream.ReferencePipeline.forEachWithCancel(ReferencePipeline.java:129)
	at java.base/java.util.stream.AbstractPipeline.copyIntoWithCancel(AbstractPipeline.java:527)
	at java.base/java.util.stream.AbstractPipeline.copyInto(AbstractPipeline.java:513)
	at java.base/java.util.stream.AbstractPipeline.wrapAndCopyInto(AbstractPipeline.java:499)
	at java.base/java.util.stream.FindOps$FindOp.evaluateSequential(FindOps.java:150)
	at java.base/java.util.stream.AbstractPipeline.evaluate(AbstractPipeline.java:234)
	at java.base/java.util.stream.ReferencePipeline.findFirst(ReferencePipeline.java:647)
	at org.openqa.selenium.remote.ProtocolHandshake.createSession(ProtocolHandshake.java:128)
	at org.openqa.selenium.remote.ProtocolHandshake.createSession(ProtocolHandshake.java:74)
	at org.openqa.selenium.remote.HttpCommandExecutor.execute(HttpCommandExecutor.java:136)
	at org.openqa.selenium.remote.service.DriverCommandExecutor.execute(DriverCommandExecutor.java:83)
	at org.openqa.selenium.remote.RemoteWebDriver.execute(RemoteWebDriver.java:552)
	at org.openqa.selenium.remote.RemoteWebDriver.startSession(RemoteWebDriver.java:213)
	at org.openqa.selenium.remote.RemoteWebDriver.&lt;init&gt;(RemoteWebDriver.java:131)
	at org.openqa.selenium.edge.EdgeDriver.&lt;init&gt;(EdgeDriver.java:141)
	at org.openqa.selenium.edge.EdgeDriver.&lt;init&gt;(EdgeDriver.java:96)
	at browser.BaseClass.openEdgeBrowser(BaseClass.java:11)
	at Test123.Fb_login_test.launchbrowser(Fb_login_test.java:42)
... Removed 29 stack frames</pre></div><a href='#' onClick='toggleBox("stack-trace1905244935", this, "Click to show all stack frames", "Click to hide stack frames")'>Click to show all stack frames</a>
<div class='stack-trace' id='stack-trace1905244935'><pre>org.openqa.selenium.WebDriverException: chrome not reachable
Build info: version: &apos;3.141.59&apos;, revision: &apos;e82be7d358&apos;, time: &apos;2018-11-14T08:17:03&apos;
System info: host: &apos;DESKTOP-VHGDQ5C&apos;, ip: &apos;192.168.43.104&apos;, os.name: &apos;Windows 10&apos;, os.arch: &apos;amd64&apos;, os.version: &apos;10.0&apos;, java.version: &apos;17.0.2&apos;
Driver info: driver.version: EdgeDriver
remote stacktrace: Backtrace:
	Microsoft::Applications::Events::EventProperties::unpack [0x00007FF77340CC42+24658]
	Microsoft::Applications::Events::time_ticks_t::time_ticks_t [0x00007FF77334D332+539986]
	Ordinal0 [0x00007FF772E50DBB+658875]
	Ordinal0 [0x00007FF772E3FF6C+589676]
	Ordinal0 [0x00007FF772E7BC64+834660]
	Ordinal0 [0x00007FF772E77214+815636]
	Ordinal0 [0x00007FF772E72F3B+798523]
	Ordinal0 [0x00007FF772EACD9D+1035677]
	Ordinal0 [0x00007FF772EA74B3+1012915]
	Ordinal0 [0x00007FF772E7E440+844864]
	Ordinal0 [0x00007FF772E7F848+849992]
	Microsoft::Applications::Events::EventProperty::EventProperty [0x00007FF7731117F8+120584]
	Microsoft::Applications::Events::EventProperty::EventProperty [0x00007FF7730FCE3E+36174]
	Microsoft::Applications::Events::EventProperty::EventProperty [0x00007FF77310003C+48972]
	Microsoft::Applications::Events::EventProperty::to_string [0x00007FF772F50716+30806]
	Microsoft::Applications::Events::time_ticks_t::time_ticks_t [0x00007FF773354601+569377]
	Microsoft::Applications::Events::time_ticks_t::time_ticks_t [0x00007FF773359034+588372]
	Microsoft::Applications::Events::time_ticks_t::time_ticks_t [0x00007FF77335918D+588717]
	Microsoft::Applications::Events::time_ticks_t::time_ticks_t [0x00007FF77336291E+627518]
	BaseThreadInitThunk [0x00007FF9E2D47034+20]
	RtlUserThreadStart [0x00007FF9E45A2651+33]

	at java.base/jdk.internal.reflect.NativeConstructorAccessorImpl.newInstance0(Native Method)
	at java.base/jdk.internal.reflect.NativeConstructorAccessorImpl.newInstance(NativeConstructorAccessorImpl.java:77)
	at java.base/jdk.internal.reflect.DelegatingConstructorAccessorImpl.newInstance(DelegatingConstructorAccessorImpl.java:45)
	at java.base/java.lang.reflect.Constructor.newInstanceWithCaller(Constructor.java:499)
	at java.base/java.lang.reflect.Constructor.newInstance(Constructor.java:480)
	at org.openqa.selenium.remote.W3CHandshakeResponse.lambda$errorHandler$0(W3CHandshakeResponse.java:62)
	at org.openqa.selenium.remote.HandshakeResponse.lambda$getResponseFunction$0(HandshakeResponse.java:30)
	at org.openqa.selenium.remote.ProtocolHandshake.lambda$createSession$0(ProtocolHandshake.java:126)
	at java.base/java.util.stream.ReferencePipeline$3$1.accept(ReferencePipeline.java:197)
	at java.base/java.util.Spliterators$ArraySpliterator.tryAdvance(Spliterators.java:1002)
	at java.base/java.util.stream.ReferencePipeline.forEachWithCancel(ReferencePipeline.java:129)
	at java.base/java.util.stream.AbstractPipeline.copyIntoWithCancel(AbstractPipeline.java:527)
	at java.base/java.util.stream.AbstractPipeline.copyInto(AbstractPipeline.java:513)
	at java.base/java.util.stream.AbstractPipeline.wrapAndCopyInto(AbstractPipeline.java:499)
	at java.base/java.util.stream.FindOps$FindOp.evaluateSequential(FindOps.java:150)
	at java.base/java.util.stream.AbstractPipeline.evaluate(AbstractPipeline.java:234)
	at java.base/java.util.stream.ReferencePipeline.findFirst(ReferencePipeline.java:647)
	at org.openqa.selenium.remote.ProtocolHandshake.createSession(ProtocolHandshake.java:128)
	at org.openqa.selenium.remote.ProtocolHandshake.createSession(ProtocolHandshake.java:74)
	at org.openqa.selenium.remote.HttpCommandExecutor.execute(HttpCommandExecutor.java:136)
	at org.openqa.selenium.remote.service.DriverCommandExecutor.execute(DriverCommandExecutor.java:83)
	at org.openqa.selenium.remote.RemoteWebDriver.execute(RemoteWebDriver.java:552)
	at org.openqa.selenium.remote.RemoteWebDriver.startSession(RemoteWebDriver.java:213)
	at org.openqa.selenium.remote.RemoteWebDriver.&lt;init&gt;(RemoteWebDriver.java:131)
	at org.openqa.selenium.edge.EdgeDriver.&lt;init&gt;(EdgeDriver.java:141)
	at org.openqa.selenium.edge.EdgeDriver.&lt;init&gt;(EdgeDriver.java:96)
	at browser.BaseClass.openEdgeBrowser(BaseClass.java:11)
	at Test123.Fb_login_test.launchbrowser(Fb_login_test.java:42)
	at java.base/jdk.internal.reflect.NativeMethodAccessorImpl.invoke0(Native Method)
	at java.base/jdk.internal.reflect.NativeMethodAccessorImpl.invoke(NativeMethodAccessorImpl.java:77)
	at java.base/jdk.internal.reflect.DelegatingMethodAccessorImpl.invoke(DelegatingMethodAccessorImpl.java:43)
	at java.base/java.lang.reflect.Method.invoke(Method.java:568)
	at org.testng.internal.MethodInvocationHelper.invokeMethod(MethodInvocationHelper.java:133)
	at org.testng.internal.MethodInvocationHelper.invokeMethodConsideringTimeout(MethodInvocationHelper.java:62)
	at org.testng.internal.ConfigInvoker.invokeConfigurationMethod(ConfigInvoker.java:385)
	at org.testng.internal.ConfigInvoker.invokeConfigurations(ConfigInvoker.java:321)
	at org.testng.TestRunner.invokeTestConfigurations(TestRunner.java:637)
	at org.testng.TestRunner.beforeRun(TestRunner.java:627)
	at org.testng.TestRunner.run(TestRunner.java:589)
	at org.testng.SuiteRunner.runTest(SuiteRunner.java:377)
	at org.testng.SuiteRunner.runSequentially(SuiteRunner.java:371)
	at org.testng.SuiteRunner.privateRun(SuiteRunner.java:332)
	at org.testng.SuiteRunner.run(SuiteRunner.java:276)
	at org.testng.SuiteRunnerWorker.runSuite(SuiteRunnerWorker.java:53)
	at org.testng.SuiteRunnerWorker.run(SuiteRunnerWorker.java:96)
	at org.testng.TestNG.runSuitesSequentially(TestNG.java:1212)
	at org.testng.TestNG.runSuitesLocally(TestNG.java:1134)
	at org.testng.TestNG.runSuites(TestNG.java:1063)
	at org.testng.TestNG.run(TestNG.java:1031)
	at org.testng.remote.AbstractRemoteTestNG.run(AbstractRemoteTestNG.java:115)
	at org.testng.remote.RemoteTestNG.initAndRun(RemoteTestNG.java:251)
	at org.testng.remote.RemoteTestNG.main(RemoteTestNG.java:77)
</pre></div></td>
<td>0</td>
<td>Test123.Fb_login_test@37d4349f</td></tr>
<tr>
<td title='Test123.Instagram_Login.title()'><b>title</b><br>Test class: Test123.Instagram_Login</td>
<td><div><pre>org.openqa.selenium.WebDriverException: chrome not reachable
Build info: version: &apos;3.141.59&apos;, revision: &apos;e82be7d358&apos;, time: &apos;2018-11-14T08:17:03&apos;
System info: host: &apos;DESKTOP-VHGDQ5C&apos;, ip: &apos;192.168.43.104&apos;, os.name: &apos;Windows 10&apos;, os.arch: &apos;amd64&apos;, os.version: &apos;10.0&apos;, java.version: &apos;17.0.2&apos;
Driver info: driver.version: EdgeDriver
remote stacktrace: Backtrace:
	Microsoft::Applications::Events::EventProperties::unpack [0x00007FF77340CC42+24658]
	Microsoft::Applications::Events::time_ticks_t::time_ticks_t [0x00007FF77334D332+539986]
	Ordinal0 [0x00007FF772E50DBB+658875]
	Ordinal0 [0x00007FF772E3FF6C+589676]
	Ordinal0 [0x00007FF772E7BC64+834660]
	Ordinal0 [0x00007FF772E77214+815636]
	Ordinal0 [0x00007FF772E72F3B+798523]
	Ordinal0 [0x00007FF772EACD9D+1035677]
	Ordinal0 [0x00007FF772EA74B3+1012915]
	Ordinal0 [0x00007FF772E7E440+844864]
	Ordinal0 [0x00007FF772E7F848+849992]
	Microsoft::Applications::Events::EventProperty::EventProperty [0x00007FF7731117F8+120584]
	Microsoft::Applications::Events::EventProperty::EventProperty [0x00007FF7730FCE3E+36174]
	Microsoft::Applications::Events::EventProperty::EventProperty [0x00007FF77310003C+48972]
	Microsoft::Applications::Events::EventProperty::to_string [0x00007FF772F50716+30806]
	Microsoft::Applications::Events::time_ticks_t::time_ticks_t [0x00007FF773354601+569377]
	Microsoft::Applications::Events::time_ticks_t::time_ticks_t [0x00007FF773359034+588372]
	Microsoft::Applications::Events::time_ticks_t::time_ticks_t [0x00007FF77335918D+588717]
	Microsoft::Applications::Events::time_ticks_t::time_ticks_t [0x00007FF77336291E+627518]
	BaseThreadInitThunk [0x00007FF9E2D47034+20]
	RtlUserThreadStart [0x00007FF9E45A2651+33]

	at org.openqa.selenium.remote.W3CHandshakeResponse.lambda$errorHandler$0(W3CHandshakeResponse.java:62)
	at org.openqa.selenium.remote.HandshakeResponse.lambda$getResponseFunction$0(HandshakeResponse.java:30)
	at org.openqa.selenium.remote.ProtocolHandshake.lambda$createSession$0(ProtocolHandshake.java:126)
	at java.base/java.util.stream.ReferencePipeline$3$1.accept(ReferencePipeline.java:197)
	at java.base/java.util.Spliterators$ArraySpliterator.tryAdvance(Spliterators.java:1002)
	at java.base/java.util.stream.ReferencePipeline.forEachWithCancel(ReferencePipeline.java:129)
	at java.base/java.util.stream.AbstractPipeline.copyIntoWithCancel(AbstractPipeline.java:527)
	at java.base/java.util.stream.AbstractPipeline.copyInto(AbstractPipeline.java:513)
	at java.base/java.util.stream.AbstractPipeline.wrapAndCopyInto(AbstractPipeline.java:499)
	at java.base/java.util.stream.FindOps$FindOp.evaluateSequential(FindOps.java:150)
	at java.base/java.util.stream.AbstractPipeline.evaluate(AbstractPipeline.java:234)
	at java.base/java.util.stream.ReferencePipeline.findFirst(ReferencePipeline.java:647)
	at org.openqa.selenium.remote.ProtocolHandshake.createSession(ProtocolHandshake.java:128)
	at org.openqa.selenium.remote.ProtocolHandshake.createSession(ProtocolHandshake.java:74)
	at org.openqa.selenium.remote.HttpCommandExecutor.execute(HttpCommandExecutor.java:136)
	at org.openqa.selenium.remote.service.DriverCommandExecutor.execute(DriverCommandExecutor.java:83)
	at org.openqa.selenium.remote.RemoteWebDriver.execute(RemoteWebDriver.java:552)
	at org.openqa.selenium.remote.RemoteWebDriver.startSession(RemoteWebDriver.java:213)
	at org.openqa.selenium.remote.RemoteWebDriver.&lt;init&gt;(RemoteWebDriver.java:131)
	at org.openqa.selenium.edge.EdgeDriver.&lt;init&gt;(EdgeDriver.java:141)
	at org.openqa.selenium.edge.EdgeDriver.&lt;init&gt;(EdgeDriver.java:96)
	at browser.BaseClass.openEdgeBrowser(BaseClass.java:11)
	at Test123.Fb_login_test.launchbrowser(Fb_login_test.java:42)
... Removed 29 stack frames</pre></div><a href='#' onClick='toggleBox("stack-trace1088833071", this, "Click to show all stack frames", "Click to hide stack frames")'>Click to show all stack frames</a>
<div class='stack-trace' id='stack-trace1088833071'><pre>org.openqa.selenium.WebDriverException: chrome not reachable
Build info: version: &apos;3.141.59&apos;, revision: &apos;e82be7d358&apos;, time: &apos;2018-11-14T08:17:03&apos;
System info: host: &apos;DESKTOP-VHGDQ5C&apos;, ip: &apos;192.168.43.104&apos;, os.name: &apos;Windows 10&apos;, os.arch: &apos;amd64&apos;, os.version: &apos;10.0&apos;, java.version: &apos;17.0.2&apos;
Driver info: driver.version: EdgeDriver
remote stacktrace: Backtrace:
	Microsoft::Applications::Events::EventProperties::unpack [0x00007FF77340CC42+24658]
	Microsoft::Applications::Events::time_ticks_t::time_ticks_t [0x00007FF77334D332+539986]
	Ordinal0 [0x00007FF772E50DBB+658875]
	Ordinal0 [0x00007FF772E3FF6C+589676]
	Ordinal0 [0x00007FF772E7BC64+834660]
	Ordinal0 [0x00007FF772E77214+815636]
	Ordinal0 [0x00007FF772E72F3B+798523]
	Ordinal0 [0x00007FF772EACD9D+1035677]
	Ordinal0 [0x00007FF772EA74B3+1012915]
	Ordinal0 [0x00007FF772E7E440+844864]
	Ordinal0 [0x00007FF772E7F848+849992]
	Microsoft::Applications::Events::EventProperty::EventProperty [0x00007FF7731117F8+120584]
	Microsoft::Applications::Events::EventProperty::EventProperty [0x00007FF7730FCE3E+36174]
	Microsoft::Applications::Events::EventProperty::EventProperty [0x00007FF77310003C+48972]
	Microsoft::Applications::Events::EventProperty::to_string [0x00007FF772F50716+30806]
	Microsoft::Applications::Events::time_ticks_t::time_ticks_t [0x00007FF773354601+569377]
	Microsoft::Applications::Events::time_ticks_t::time_ticks_t [0x00007FF773359034+588372]
	Microsoft::Applications::Events::time_ticks_t::time_ticks_t [0x00007FF77335918D+588717]
	Microsoft::Applications::Events::time_ticks_t::time_ticks_t [0x00007FF77336291E+627518]
	BaseThreadInitThunk [0x00007FF9E2D47034+20]
	RtlUserThreadStart [0x00007FF9E45A2651+33]

	at java.base/jdk.internal.reflect.NativeConstructorAccessorImpl.newInstance0(Native Method)
	at java.base/jdk.internal.reflect.NativeConstructorAccessorImpl.newInstance(NativeConstructorAccessorImpl.java:77)
	at java.base/jdk.internal.reflect.DelegatingConstructorAccessorImpl.newInstance(DelegatingConstructorAccessorImpl.java:45)
	at java.base/java.lang.reflect.Constructor.newInstanceWithCaller(Constructor.java:499)
	at java.base/java.lang.reflect.Constructor.newInstance(Constructor.java:480)
	at org.openqa.selenium.remote.W3CHandshakeResponse.lambda$errorHandler$0(W3CHandshakeResponse.java:62)
	at org.openqa.selenium.remote.HandshakeResponse.lambda$getResponseFunction$0(HandshakeResponse.java:30)
	at org.openqa.selenium.remote.ProtocolHandshake.lambda$createSession$0(ProtocolHandshake.java:126)
	at java.base/java.util.stream.ReferencePipeline$3$1.accept(ReferencePipeline.java:197)
	at java.base/java.util.Spliterators$ArraySpliterator.tryAdvance(Spliterators.java:1002)
	at java.base/java.util.stream.ReferencePipeline.forEachWithCancel(ReferencePipeline.java:129)
	at java.base/java.util.stream.AbstractPipeline.copyIntoWithCancel(AbstractPipeline.java:527)
	at java.base/java.util.stream.AbstractPipeline.copyInto(AbstractPipeline.java:513)
	at java.base/java.util.stream.AbstractPipeline.wrapAndCopyInto(AbstractPipeline.java:499)
	at java.base/java.util.stream.FindOps$FindOp.evaluateSequential(FindOps.java:150)
	at java.base/java.util.stream.AbstractPipeline.evaluate(AbstractPipeline.java:234)
	at java.base/java.util.stream.ReferencePipeline.findFirst(ReferencePipeline.java:647)
	at org.openqa.selenium.remote.ProtocolHandshake.createSession(ProtocolHandshake.java:128)
	at org.openqa.selenium.remote.ProtocolHandshake.createSession(ProtocolHandshake.java:74)
	at org.openqa.selenium.remote.HttpCommandExecutor.execute(HttpCommandExecutor.java:136)
	at org.openqa.selenium.remote.service.DriverCommandExecutor.execute(DriverCommandExecutor.java:83)
	at org.openqa.selenium.remote.RemoteWebDriver.execute(RemoteWebDriver.java:552)
	at org.openqa.selenium.remote.RemoteWebDriver.startSession(RemoteWebDriver.java:213)
	at org.openqa.selenium.remote.RemoteWebDriver.&lt;init&gt;(RemoteWebDriver.java:131)
	at org.openqa.selenium.edge.EdgeDriver.&lt;init&gt;(EdgeDriver.java:141)
	at org.openqa.selenium.edge.EdgeDriver.&lt;init&gt;(EdgeDriver.java:96)
	at browser.BaseClass.openEdgeBrowser(BaseClass.java:11)
	at Test123.Fb_login_test.launchbrowser(Fb_login_test.java:42)
	at java.base/jdk.internal.reflect.NativeMethodAccessorImpl.invoke0(Native Method)
	at java.base/jdk.internal.reflect.NativeMethodAccessorImpl.invoke(NativeMethodAccessorImpl.java:77)
	at java.base/jdk.internal.reflect.DelegatingMethodAccessorImpl.invoke(DelegatingMethodAccessorImpl.java:43)
	at java.base/java.lang.reflect.Method.invoke(Method.java:568)
	at org.testng.internal.MethodInvocationHelper.invokeMethod(MethodInvocationHelper.java:133)
	at org.testng.internal.MethodInvocationHelper.invokeMethodConsideringTimeout(MethodInvocationHelper.java:62)
	at org.testng.internal.ConfigInvoker.invokeConfigurationMethod(ConfigInvoker.java:385)
	at org.testng.internal.ConfigInvoker.invokeConfigurations(ConfigInvoker.java:321)
	at org.testng.TestRunner.invokeTestConfigurations(TestRunner.java:637)
	at org.testng.TestRunner.beforeRun(TestRunner.java:627)
	at org.testng.TestRunner.run(TestRunner.java:589)
	at org.testng.SuiteRunner.runTest(SuiteRunner.java:377)
	at org.testng.SuiteRunner.runSequentially(SuiteRunner.java:371)
	at org.testng.SuiteRunner.privateRun(SuiteRunner.java:332)
	at org.testng.SuiteRunner.run(SuiteRunner.java:276)
	at org.testng.SuiteRunnerWorker.runSuite(SuiteRunnerWorker.java:53)
	at org.testng.SuiteRunnerWorker.run(SuiteRunnerWorker.java:96)
	at org.testng.TestNG.runSuitesSequentially(TestNG.java:1212)
	at org.testng.TestNG.runSuitesLocally(TestNG.java:1134)
	at org.testng.TestNG.runSuites(TestNG.java:1063)
	at org.testng.TestNG.run(TestNG.java:1031)
	at org.testng.remote.AbstractRemoteTestNG.run(AbstractRemoteTestNG.java:115)
	at org.testng.remote.RemoteTestNG.initAndRun(RemoteTestNG.java:251)
	at org.testng.remote.RemoteTestNG.main(RemoteTestNG.java:77)
</pre></div></td>
<td>0</td>
<td>Test123.Instagram_Login@7c711375</td></tr>
<tr>
<td title='Test123.Instagram_Login.verificationtest()'><b>verificationtest</b><br>Test class: Test123.Instagram_Login</td>
<td><div><pre>java.lang.Throwable: Method Instagram_Login.verificationtest()[pri:1, instance:Test123.Instagram_Login@7c711375] depends on not successfully finished methods
	at java.base/java.util.concurrent.ThreadPoolExecutor.runWorker(ThreadPoolExecutor.java:1136)
	at java.base/java.util.concurrent.ThreadPoolExecutor$Worker.run(ThreadPoolExecutor.java:635)
	at java.base/java.lang.Thread.run(Thread.java:833)
... Removed 3 stack frames</pre></div><a href='#' onClick='toggleBox("stack-trace614850892", this, "Click to show all stack frames", "Click to hide stack frames")'>Click to show all stack frames</a>
<div class='stack-trace' id='stack-trace614850892'><pre>java.lang.Throwable: Method Instagram_Login.verificationtest()[pri:1, instance:Test123.Instagram_Login@7c711375] depends on not successfully finished methods
	at org.testng.internal.TestInvoker.invokeTestMethods(TestInvoker.java:102)
	at org.testng.internal.TestMethodWorker.invokeTestMethods(TestMethodWorker.java:146)
	at org.testng.internal.TestMethodWorker.run(TestMethodWorker.java:128)
	at java.base/java.util.concurrent.ThreadPoolExecutor.runWorker(ThreadPoolExecutor.java:1136)
	at java.base/java.util.concurrent.ThreadPoolExecutor$Worker.run(ThreadPoolExecutor.java:635)
	at java.base/java.lang.Thread.run(Thread.java:833)
</pre></div></td>
<td>0</td>
<td>Test123.Instagram_Login@7c711375</td></tr>
<tr>
<td title='Test123.Instagram_Login.title()'><b>title</b><br>Test class: Test123.Instagram_Login</td>
<td><div><pre>org.openqa.selenium.WebDriverException: chrome not reachable
Build info: version: &apos;3.141.59&apos;, revision: &apos;e82be7d358&apos;, time: &apos;2018-11-14T08:17:03&apos;
System info: host: &apos;DESKTOP-VHGDQ5C&apos;, ip: &apos;192.168.43.104&apos;, os.name: &apos;Windows 10&apos;, os.arch: &apos;amd64&apos;, os.version: &apos;10.0&apos;, java.version: &apos;17.0.2&apos;
Driver info: driver.version: EdgeDriver
remote stacktrace: Backtrace:
	Microsoft::Applications::Events::EventProperties::unpack [0x00007FF77340CC42+24658]
	Microsoft::Applications::Events::time_ticks_t::time_ticks_t [0x00007FF77334D332+539986]
	Ordinal0 [0x00007FF772E50DBB+658875]
	Ordinal0 [0x00007FF772E3FF6C+589676]
	Ordinal0 [0x00007FF772E7BC64+834660]
	Ordinal0 [0x00007FF772E77214+815636]
	Ordinal0 [0x00007FF772E72F3B+798523]
	Ordinal0 [0x00007FF772EACD9D+1035677]
	Ordinal0 [0x00007FF772EA74B3+1012915]
	Ordinal0 [0x00007FF772E7E440+844864]
	Ordinal0 [0x00007FF772E7F848+849992]
	Microsoft::Applications::Events::EventProperty::EventProperty [0x00007FF7731117F8+120584]
	Microsoft::Applications::Events::EventProperty::EventProperty [0x00007FF7730FCE3E+36174]
	Microsoft::Applications::Events::EventProperty::EventProperty [0x00007FF77310003C+48972]
	Microsoft::Applications::Events::EventProperty::to_string [0x00007FF772F50716+30806]
	Microsoft::Applications::Events::time_ticks_t::time_ticks_t [0x00007FF773354601+569377]
	Microsoft::Applications::Events::time_ticks_t::time_ticks_t [0x00007FF773359034+588372]
	Microsoft::Applications::Events::time_ticks_t::time_ticks_t [0x00007FF77335918D+588717]
	Microsoft::Applications::Events::time_ticks_t::time_ticks_t [0x00007FF77336291E+627518]
	BaseThreadInitThunk [0x00007FF9E2D47034+20]
	RtlUserThreadStart [0x00007FF9E45A2651+33]

	at org.openqa.selenium.remote.W3CHandshakeResponse.lambda$errorHandler$0(W3CHandshakeResponse.java:62)
	at org.openqa.selenium.remote.HandshakeResponse.lambda$getResponseFunction$0(HandshakeResponse.java:30)
	at org.openqa.selenium.remote.ProtocolHandshake.lambda$createSession$0(ProtocolHandshake.java:126)
	at java.base/java.util.stream.ReferencePipeline$3$1.accept(ReferencePipeline.java:197)
	at java.base/java.util.Spliterators$ArraySpliterator.tryAdvance(Spliterators.java:1002)
	at java.base/java.util.stream.ReferencePipeline.forEachWithCancel(ReferencePipeline.java:129)
	at java.base/java.util.stream.AbstractPipeline.copyIntoWithCancel(AbstractPipeline.java:527)
	at java.base/java.util.stream.AbstractPipeline.copyInto(AbstractPipeline.java:513)
	at java.base/java.util.stream.AbstractPipeline.wrapAndCopyInto(AbstractPipeline.java:499)
	at java.base/java.util.stream.FindOps$FindOp.evaluateSequential(FindOps.java:150)
	at java.base/java.util.stream.AbstractPipeline.evaluate(AbstractPipeline.java:234)
	at java.base/java.util.stream.ReferencePipeline.findFirst(ReferencePipeline.java:647)
	at org.openqa.selenium.remote.ProtocolHandshake.createSession(ProtocolHandshake.java:128)
	at org.openqa.selenium.remote.ProtocolHandshake.createSession(ProtocolHandshake.java:74)
	at org.openqa.selenium.remote.HttpCommandExecutor.execute(HttpCommandExecutor.java:136)
	at org.openqa.selenium.remote.service.DriverCommandExecutor.execute(DriverCommandExecutor.java:83)
	at org.openqa.selenium.remote.RemoteWebDriver.execute(RemoteWebDriver.java:552)
	at org.openqa.selenium.remote.RemoteWebDriver.startSession(RemoteWebDriver.java:213)
	at org.openqa.selenium.remote.RemoteWebDriver.&lt;init&gt;(RemoteWebDriver.java:131)
	at org.openqa.selenium.edge.EdgeDriver.&lt;init&gt;(EdgeDriver.java:141)
	at org.openqa.selenium.edge.EdgeDriver.&lt;init&gt;(EdgeDriver.java:96)
	at browser.BaseClass.openEdgeBrowser(BaseClass.java:11)
	at Test123.Fb_login_test.launchbrowser(Fb_login_test.java:42)
... Removed 29 stack frames</pre></div><a href='#' onClick='toggleBox("stack-trace1318990548", this, "Click to show all stack frames", "Click to hide stack frames")'>Click to show all stack frames</a>
<div class='stack-trace' id='stack-trace1318990548'><pre>org.openqa.selenium.WebDriverException: chrome not reachable
Build info: version: &apos;3.141.59&apos;, revision: &apos;e82be7d358&apos;, time: &apos;2018-11-14T08:17:03&apos;
System info: host: &apos;DESKTOP-VHGDQ5C&apos;, ip: &apos;192.168.43.104&apos;, os.name: &apos;Windows 10&apos;, os.arch: &apos;amd64&apos;, os.version: &apos;10.0&apos;, java.version: &apos;17.0.2&apos;
Driver info: driver.version: EdgeDriver
remote stacktrace: Backtrace:
	Microsoft::Applications::Events::EventProperties::unpack [0x00007FF77340CC42+24658]
	Microsoft::Applications::Events::time_ticks_t::time_ticks_t [0x00007FF77334D332+539986]
	Ordinal0 [0x00007FF772E50DBB+658875]
	Ordinal0 [0x00007FF772E3FF6C+589676]
	Ordinal0 [0x00007FF772E7BC64+834660]
	Ordinal0 [0x00007FF772E77214+815636]
	Ordinal0 [0x00007FF772E72F3B+798523]
	Ordinal0 [0x00007FF772EACD9D+1035677]
	Ordinal0 [0x00007FF772EA74B3+1012915]
	Ordinal0 [0x00007FF772E7E440+844864]
	Ordinal0 [0x00007FF772E7F848+849992]
	Microsoft::Applications::Events::EventProperty::EventProperty [0x00007FF7731117F8+120584]
	Microsoft::Applications::Events::EventProperty::EventProperty [0x00007FF7730FCE3E+36174]
	Microsoft::Applications::Events::EventProperty::EventProperty [0x00007FF77310003C+48972]
	Microsoft::Applications::Events::EventProperty::to_string [0x00007FF772F50716+30806]
	Microsoft::Applications::Events::time_ticks_t::time_ticks_t [0x00007FF773354601+569377]
	Microsoft::Applications::Events::time_ticks_t::time_ticks_t [0x00007FF773359034+588372]
	Microsoft::Applications::Events::time_ticks_t::time_ticks_t [0x00007FF77335918D+588717]
	Microsoft::Applications::Events::time_ticks_t::time_ticks_t [0x00007FF77336291E+627518]
	BaseThreadInitThunk [0x00007FF9E2D47034+20]
	RtlUserThreadStart [0x00007FF9E45A2651+33]

	at java.base/jdk.internal.reflect.NativeConstructorAccessorImpl.newInstance0(Native Method)
	at java.base/jdk.internal.reflect.NativeConstructorAccessorImpl.newInstance(NativeConstructorAccessorImpl.java:77)
	at java.base/jdk.internal.reflect.DelegatingConstructorAccessorImpl.newInstance(DelegatingConstructorAccessorImpl.java:45)
	at java.base/java.lang.reflect.Constructor.newInstanceWithCaller(Constructor.java:499)
	at java.base/java.lang.reflect.Constructor.newInstance(Constructor.java:480)
	at org.openqa.selenium.remote.W3CHandshakeResponse.lambda$errorHandler$0(W3CHandshakeResponse.java:62)
	at org.openqa.selenium.remote.HandshakeResponse.lambda$getResponseFunction$0(HandshakeResponse.java:30)
	at org.openqa.selenium.remote.ProtocolHandshake.lambda$createSession$0(ProtocolHandshake.java:126)
	at java.base/java.util.stream.ReferencePipeline$3$1.accept(ReferencePipeline.java:197)
	at java.base/java.util.Spliterators$ArraySpliterator.tryAdvance(Spliterators.java:1002)
	at java.base/java.util.stream.ReferencePipeline.forEachWithCancel(ReferencePipeline.java:129)
	at java.base/java.util.stream.AbstractPipeline.copyIntoWithCancel(AbstractPipeline.java:527)
	at java.base/java.util.stream.AbstractPipeline.copyInto(AbstractPipeline.java:513)
	at java.base/java.util.stream.AbstractPipeline.wrapAndCopyInto(AbstractPipeline.java:499)
	at java.base/java.util.stream.FindOps$FindOp.evaluateSequential(FindOps.java:150)
	at java.base/java.util.stream.AbstractPipeline.evaluate(AbstractPipeline.java:234)
	at java.base/java.util.stream.ReferencePipeline.findFirst(ReferencePipeline.java:647)
	at org.openqa.selenium.remote.ProtocolHandshake.createSession(ProtocolHandshake.java:128)
	at org.openqa.selenium.remote.ProtocolHandshake.createSession(ProtocolHandshake.java:74)
	at org.openqa.selenium.remote.HttpCommandExecutor.execute(HttpCommandExecutor.java:136)
	at org.openqa.selenium.remote.service.DriverCommandExecutor.execute(DriverCommandExecutor.java:83)
	at org.openqa.selenium.remote.RemoteWebDriver.execute(RemoteWebDriver.java:552)
	at org.openqa.selenium.remote.RemoteWebDriver.startSession(RemoteWebDriver.java:213)
	at org.openqa.selenium.remote.RemoteWebDriver.&lt;init&gt;(RemoteWebDriver.java:131)
	at org.openqa.selenium.edge.EdgeDriver.&lt;init&gt;(EdgeDriver.java:141)
	at org.openqa.selenium.edge.EdgeDriver.&lt;init&gt;(EdgeDriver.java:96)
	at browser.BaseClass.openEdgeBrowser(BaseClass.java:11)
	at Test123.Fb_login_test.launchbrowser(Fb_login_test.java:42)
	at java.base/jdk.internal.reflect.NativeMethodAccessorImpl.invoke0(Native Method)
	at java.base/jdk.internal.reflect.NativeMethodAccessorImpl.invoke(NativeMethodAccessorImpl.java:77)
	at java.base/jdk.internal.reflect.DelegatingMethodAccessorImpl.invoke(DelegatingMethodAccessorImpl.java:43)
	at java.base/java.lang.reflect.Method.invoke(Method.java:568)
	at org.testng.internal.MethodInvocationHelper.invokeMethod(MethodInvocationHelper.java:133)
	at org.testng.internal.MethodInvocationHelper.invokeMethodConsideringTimeout(MethodInvocationHelper.java:62)
	at org.testng.internal.ConfigInvoker.invokeConfigurationMethod(ConfigInvoker.java:385)
	at org.testng.internal.ConfigInvoker.invokeConfigurations(ConfigInvoker.java:321)
	at org.testng.TestRunner.invokeTestConfigurations(TestRunner.java:637)
	at org.testng.TestRunner.beforeRun(TestRunner.java:627)
	at org.testng.TestRunner.run(TestRunner.java:589)
	at org.testng.SuiteRunner.runTest(SuiteRunner.java:377)
	at org.testng.SuiteRunner.runSequentially(SuiteRunner.java:371)
	at org.testng.SuiteRunner.privateRun(SuiteRunner.java:332)
	at org.testng.SuiteRunner.run(SuiteRunner.java:276)
	at org.testng.SuiteRunnerWorker.runSuite(SuiteRunnerWorker.java:53)
	at org.testng.SuiteRunnerWorker.run(SuiteRunnerWorker.java:96)
	at org.testng.TestNG.runSuitesSequentially(TestNG.java:1212)
	at org.testng.TestNG.runSuitesLocally(TestNG.java:1134)
	at org.testng.TestNG.runSuites(TestNG.java:1063)
	at org.testng.TestNG.run(TestNG.java:1031)
	at org.testng.remote.AbstractRemoteTestNG.run(AbstractRemoteTestNG.java:115)
	at org.testng.remote.RemoteTestNG.initAndRun(RemoteTestNG.java:251)
	at org.testng.remote.RemoteTestNG.main(RemoteTestNG.java:77)
</pre></div></td>
<td>0</td>
<td>Test123.Instagram_Login@7c711375</td></tr>
<tr>
<td title='Test123.kokilaben_test.verification()'><b>verification</b><br>Test class: Test123.kokilaben_test</td>
<td><div><pre>org.openqa.selenium.WebDriverException: chrome not reachable
Build info: version: &apos;3.141.59&apos;, revision: &apos;e82be7d358&apos;, time: &apos;2018-11-14T08:17:03&apos;
System info: host: &apos;DESKTOP-VHGDQ5C&apos;, ip: &apos;192.168.43.104&apos;, os.name: &apos;Windows 10&apos;, os.arch: &apos;amd64&apos;, os.version: &apos;10.0&apos;, java.version: &apos;17.0.2&apos;
Driver info: driver.version: EdgeDriver
remote stacktrace: Backtrace:
	Microsoft::Applications::Events::EventProperties::unpack [0x00007FF77340CC42+24658]
	Microsoft::Applications::Events::time_ticks_t::time_ticks_t [0x00007FF77334D332+539986]
	Ordinal0 [0x00007FF772E50DBB+658875]
	Ordinal0 [0x00007FF772E3FF6C+589676]
	Ordinal0 [0x00007FF772E7BC64+834660]
	Ordinal0 [0x00007FF772E77214+815636]
	Ordinal0 [0x00007FF772E72F3B+798523]
	Ordinal0 [0x00007FF772EACD9D+1035677]
	Ordinal0 [0x00007FF772EA74B3+1012915]
	Ordinal0 [0x00007FF772E7E440+844864]
	Ordinal0 [0x00007FF772E7F848+849992]
	Microsoft::Applications::Events::EventProperty::EventProperty [0x00007FF7731117F8+120584]
	Microsoft::Applications::Events::EventProperty::EventProperty [0x00007FF7730FCE3E+36174]
	Microsoft::Applications::Events::EventProperty::EventProperty [0x00007FF77310003C+48972]
	Microsoft::Applications::Events::EventProperty::to_string [0x00007FF772F50716+30806]
	Microsoft::Applications::Events::time_ticks_t::time_ticks_t [0x00007FF773354601+569377]
	Microsoft::Applications::Events::time_ticks_t::time_ticks_t [0x00007FF773359034+588372]
	Microsoft::Applications::Events::time_ticks_t::time_ticks_t [0x00007FF77335918D+588717]
	Microsoft::Applications::Events::time_ticks_t::time_ticks_t [0x00007FF77336291E+627518]
	BaseThreadInitThunk [0x00007FF9E2D47034+20]
	RtlUserThreadStart [0x00007FF9E45A2651+33]

	at org.openqa.selenium.remote.W3CHandshakeResponse.lambda$errorHandler$0(W3CHandshakeResponse.java:62)
	at org.openqa.selenium.remote.HandshakeResponse.lambda$getResponseFunction$0(HandshakeResponse.java:30)
	at org.openqa.selenium.remote.ProtocolHandshake.lambda$createSession$0(ProtocolHandshake.java:126)
	at java.base/java.util.stream.ReferencePipeline$3$1.accept(ReferencePipeline.java:197)
	at java.base/java.util.Spliterators$ArraySpliterator.tryAdvance(Spliterators.java:1002)
	at java.base/java.util.stream.ReferencePipeline.forEachWithCancel(ReferencePipeline.java:129)
	at java.base/java.util.stream.AbstractPipeline.copyIntoWithCancel(AbstractPipeline.java:527)
	at java.base/java.util.stream.AbstractPipeline.copyInto(AbstractPipeline.java:513)
	at java.base/java.util.stream.AbstractPipeline.wrapAndCopyInto(AbstractPipeline.java:499)
	at java.base/java.util.stream.FindOps$FindOp.evaluateSequential(FindOps.java:150)
	at java.base/java.util.stream.AbstractPipeline.evaluate(AbstractPipeline.java:234)
	at java.base/java.util.stream.ReferencePipeline.findFirst(ReferencePipeline.java:647)
	at org.openqa.selenium.remote.ProtocolHandshake.createSession(ProtocolHandshake.java:128)
	at org.openqa.selenium.remote.ProtocolHandshake.createSession(ProtocolHandshake.java:74)
	at org.openqa.selenium.remote.HttpCommandExecutor.execute(HttpCommandExecutor.java:136)
	at org.openqa.selenium.remote.service.DriverCommandExecutor.execute(DriverCommandExecutor.java:83)
	at org.openqa.selenium.remote.RemoteWebDriver.execute(RemoteWebDriver.java:552)
	at org.openqa.selenium.remote.RemoteWebDriver.startSession(RemoteWebDriver.java:213)
	at org.openqa.selenium.remote.RemoteWebDriver.&lt;init&gt;(RemoteWebDriver.java:131)
	at org.openqa.selenium.edge.EdgeDriver.&lt;init&gt;(EdgeDriver.java:141)
	at org.openqa.selenium.edge.EdgeDriver.&lt;init&gt;(EdgeDriver.java:96)
	at browser.BaseClass.openEdgeBrowser(BaseClass.java:11)
	at Test123.Fb_login_test.launchbrowser(Fb_login_test.java:42)
... Removed 29 stack frames</pre></div><a href='#' onClick='toggleBox("stack-trace514413303", this, "Click to show all stack frames", "Click to hide stack frames")'>Click to show all stack frames</a>
<div class='stack-trace' id='stack-trace514413303'><pre>org.openqa.selenium.WebDriverException: chrome not reachable
Build info: version: &apos;3.141.59&apos;, revision: &apos;e82be7d358&apos;, time: &apos;2018-11-14T08:17:03&apos;
System info: host: &apos;DESKTOP-VHGDQ5C&apos;, ip: &apos;192.168.43.104&apos;, os.name: &apos;Windows 10&apos;, os.arch: &apos;amd64&apos;, os.version: &apos;10.0&apos;, java.version: &apos;17.0.2&apos;
Driver info: driver.version: EdgeDriver
remote stacktrace: Backtrace:
	Microsoft::Applications::Events::EventProperties::unpack [0x00007FF77340CC42+24658]
	Microsoft::Applications::Events::time_ticks_t::time_ticks_t [0x00007FF77334D332+539986]
	Ordinal0 [0x00007FF772E50DBB+658875]
	Ordinal0 [0x00007FF772E3FF6C+589676]
	Ordinal0 [0x00007FF772E7BC64+834660]
	Ordinal0 [0x00007FF772E77214+815636]
	Ordinal0 [0x00007FF772E72F3B+798523]
	Ordinal0 [0x00007FF772EACD9D+1035677]
	Ordinal0 [0x00007FF772EA74B3+1012915]
	Ordinal0 [0x00007FF772E7E440+844864]
	Ordinal0 [0x00007FF772E7F848+849992]
	Microsoft::Applications::Events::EventProperty::EventProperty [0x00007FF7731117F8+120584]
	Microsoft::Applications::Events::EventProperty::EventProperty [0x00007FF7730FCE3E+36174]
	Microsoft::Applications::Events::EventProperty::EventProperty [0x00007FF77310003C+48972]
	Microsoft::Applications::Events::EventProperty::to_string [0x00007FF772F50716+30806]
	Microsoft::Applications::Events::time_ticks_t::time_ticks_t [0x00007FF773354601+569377]
	Microsoft::Applications::Events::time_ticks_t::time_ticks_t [0x00007FF773359034+588372]
	Microsoft::Applications::Events::time_ticks_t::time_ticks_t [0x00007FF77335918D+588717]
	Microsoft::Applications::Events::time_ticks_t::time_ticks_t [0x00007FF77336291E+627518]
	BaseThreadInitThunk [0x00007FF9E2D47034+20]
	RtlUserThreadStart [0x00007FF9E45A2651+33]

	at java.base/jdk.internal.reflect.NativeConstructorAccessorImpl.newInstance0(Native Method)
	at java.base/jdk.internal.reflect.NativeConstructorAccessorImpl.newInstance(NativeConstructorAccessorImpl.java:77)
	at java.base/jdk.internal.reflect.DelegatingConstructorAccessorImpl.newInstance(DelegatingConstructorAccessorImpl.java:45)
	at java.base/java.lang.reflect.Constructor.newInstanceWithCaller(Constructor.java:499)
	at java.base/java.lang.reflect.Constructor.newInstance(Constructor.java:480)
	at org.openqa.selenium.remote.W3CHandshakeResponse.lambda$errorHandler$0(W3CHandshakeResponse.java:62)
	at org.openqa.selenium.remote.HandshakeResponse.lambda$getResponseFunction$0(HandshakeResponse.java:30)
	at org.openqa.selenium.remote.ProtocolHandshake.lambda$createSession$0(ProtocolHandshake.java:126)
	at java.base/java.util.stream.ReferencePipeline$3$1.accept(ReferencePipeline.java:197)
	at java.base/java.util.Spliterators$ArraySpliterator.tryAdvance(Spliterators.java:1002)
	at java.base/java.util.stream.ReferencePipeline.forEachWithCancel(ReferencePipeline.java:129)
	at java.base/java.util.stream.AbstractPipeline.copyIntoWithCancel(AbstractPipeline.java:527)
	at java.base/java.util.stream.AbstractPipeline.copyInto(AbstractPipeline.java:513)
	at java.base/java.util.stream.AbstractPipeline.wrapAndCopyInto(AbstractPipeline.java:499)
	at java.base/java.util.stream.FindOps$FindOp.evaluateSequential(FindOps.java:150)
	at java.base/java.util.stream.AbstractPipeline.evaluate(AbstractPipeline.java:234)
	at java.base/java.util.stream.ReferencePipeline.findFirst(ReferencePipeline.java:647)
	at org.openqa.selenium.remote.ProtocolHandshake.createSession(ProtocolHandshake.java:128)
	at org.openqa.selenium.remote.ProtocolHandshake.createSession(ProtocolHandshake.java:74)
	at org.openqa.selenium.remote.HttpCommandExecutor.execute(HttpCommandExecutor.java:136)
	at org.openqa.selenium.remote.service.DriverCommandExecutor.execute(DriverCommandExecutor.java:83)
	at org.openqa.selenium.remote.RemoteWebDriver.execute(RemoteWebDriver.java:552)
	at org.openqa.selenium.remote.RemoteWebDriver.startSession(RemoteWebDriver.java:213)
	at org.openqa.selenium.remote.RemoteWebDriver.&lt;init&gt;(RemoteWebDriver.java:131)
	at org.openqa.selenium.edge.EdgeDriver.&lt;init&gt;(EdgeDriver.java:141)
	at org.openqa.selenium.edge.EdgeDriver.&lt;init&gt;(EdgeDriver.java:96)
	at browser.BaseClass.openEdgeBrowser(BaseClass.java:11)
	at Test123.Fb_login_test.launchbrowser(Fb_login_test.java:42)
	at java.base/jdk.internal.reflect.NativeMethodAccessorImpl.invoke0(Native Method)
	at java.base/jdk.internal.reflect.NativeMethodAccessorImpl.invoke(NativeMethodAccessorImpl.java:77)
	at java.base/jdk.internal.reflect.DelegatingMethodAccessorImpl.invoke(DelegatingMethodAccessorImpl.java:43)
	at java.base/java.lang.reflect.Method.invoke(Method.java:568)
	at org.testng.internal.MethodInvocationHelper.invokeMethod(MethodInvocationHelper.java:133)
	at org.testng.internal.MethodInvocationHelper.invokeMethodConsideringTimeout(MethodInvocationHelper.java:62)
	at org.testng.internal.ConfigInvoker.invokeConfigurationMethod(ConfigInvoker.java:385)
	at org.testng.internal.ConfigInvoker.invokeConfigurations(ConfigInvoker.java:321)
	at org.testng.TestRunner.invokeTestConfigurations(TestRunner.java:637)
	at org.testng.TestRunner.beforeRun(TestRunner.java:627)
	at org.testng.TestRunner.run(TestRunner.java:589)
	at org.testng.SuiteRunner.runTest(SuiteRunner.java:377)
	at org.testng.SuiteRunner.runSequentially(SuiteRunner.java:371)
	at org.testng.SuiteRunner.privateRun(SuiteRunner.java:332)
	at org.testng.SuiteRunner.run(SuiteRunner.java:276)
	at org.testng.SuiteRunnerWorker.runSuite(SuiteRunnerWorker.java:53)
	at org.testng.SuiteRunnerWorker.run(SuiteRunnerWorker.java:96)
	at org.testng.TestNG.runSuitesSequentially(TestNG.java:1212)
	at org.testng.TestNG.runSuitesLocally(TestNG.java:1134)
	at org.testng.TestNG.runSuites(TestNG.java:1063)
	at org.testng.TestNG.run(TestNG.java:1031)
	at org.testng.remote.AbstractRemoteTestNG.run(AbstractRemoteTestNG.java:115)
	at org.testng.remote.RemoteTestNG.initAndRun(RemoteTestNG.java:251)
	at org.testng.remote.RemoteTestNG.main(RemoteTestNG.java:77)
</pre></div></td>
<td>0</td>
<td>Test123.kokilaben_test@434a63ab</td></tr>
<tr>
<td title='Test123.Instagram_Login.title()'><b>title</b><br>Test class: Test123.Instagram_Login</td>
<td><div><pre>org.openqa.selenium.WebDriverException: chrome not reachable
Build info: version: &apos;3.141.59&apos;, revision: &apos;e82be7d358&apos;, time: &apos;2018-11-14T08:17:03&apos;
System info: host: &apos;DESKTOP-VHGDQ5C&apos;, ip: &apos;192.168.43.104&apos;, os.name: &apos;Windows 10&apos;, os.arch: &apos;amd64&apos;, os.version: &apos;10.0&apos;, java.version: &apos;17.0.2&apos;
Driver info: driver.version: EdgeDriver
remote stacktrace: Backtrace:
	Microsoft::Applications::Events::EventProperties::unpack [0x00007FF77340CC42+24658]
	Microsoft::Applications::Events::time_ticks_t::time_ticks_t [0x00007FF77334D332+539986]
	Ordinal0 [0x00007FF772E50DBB+658875]
	Ordinal0 [0x00007FF772E3FF6C+589676]
	Ordinal0 [0x00007FF772E7BC64+834660]
	Ordinal0 [0x00007FF772E77214+815636]
	Ordinal0 [0x00007FF772E72F3B+798523]
	Ordinal0 [0x00007FF772EACD9D+1035677]
	Ordinal0 [0x00007FF772EA74B3+1012915]
	Ordinal0 [0x00007FF772E7E440+844864]
	Ordinal0 [0x00007FF772E7F848+849992]
	Microsoft::Applications::Events::EventProperty::EventProperty [0x00007FF7731117F8+120584]
	Microsoft::Applications::Events::EventProperty::EventProperty [0x00007FF7730FCE3E+36174]
	Microsoft::Applications::Events::EventProperty::EventProperty [0x00007FF77310003C+48972]
	Microsoft::Applications::Events::EventProperty::to_string [0x00007FF772F50716+30806]
	Microsoft::Applications::Events::time_ticks_t::time_ticks_t [0x00007FF773354601+569377]
	Microsoft::Applications::Events::time_ticks_t::time_ticks_t [0x00007FF773359034+588372]
	Microsoft::Applications::Events::time_ticks_t::time_ticks_t [0x00007FF77335918D+588717]
	Microsoft::Applications::Events::time_ticks_t::time_ticks_t [0x00007FF77336291E+627518]
	BaseThreadInitThunk [0x00007FF9E2D47034+20]
	RtlUserThreadStart [0x00007FF9E45A2651+33]

	at org.openqa.selenium.remote.W3CHandshakeResponse.lambda$errorHandler$0(W3CHandshakeResponse.java:62)
	at org.openqa.selenium.remote.HandshakeResponse.lambda$getResponseFunction$0(HandshakeResponse.java:30)
	at org.openqa.selenium.remote.ProtocolHandshake.lambda$createSession$0(ProtocolHandshake.java:126)
	at java.base/java.util.stream.ReferencePipeline$3$1.accept(ReferencePipeline.java:197)
	at java.base/java.util.Spliterators$ArraySpliterator.tryAdvance(Spliterators.java:1002)
	at java.base/java.util.stream.ReferencePipeline.forEachWithCancel(ReferencePipeline.java:129)
	at java.base/java.util.stream.AbstractPipeline.copyIntoWithCancel(AbstractPipeline.java:527)
	at java.base/java.util.stream.AbstractPipeline.copyInto(AbstractPipeline.java:513)
	at java.base/java.util.stream.AbstractPipeline.wrapAndCopyInto(AbstractPipeline.java:499)
	at java.base/java.util.stream.FindOps$FindOp.evaluateSequential(FindOps.java:150)
	at java.base/java.util.stream.AbstractPipeline.evaluate(AbstractPipeline.java:234)
	at java.base/java.util.stream.ReferencePipeline.findFirst(ReferencePipeline.java:647)
	at org.openqa.selenium.remote.ProtocolHandshake.createSession(ProtocolHandshake.java:128)
	at org.openqa.selenium.remote.ProtocolHandshake.createSession(ProtocolHandshake.java:74)
	at org.openqa.selenium.remote.HttpCommandExecutor.execute(HttpCommandExecutor.java:136)
	at org.openqa.selenium.remote.service.DriverCommandExecutor.execute(DriverCommandExecutor.java:83)
	at org.openqa.selenium.remote.RemoteWebDriver.execute(RemoteWebDriver.java:552)
	at org.openqa.selenium.remote.RemoteWebDriver.startSession(RemoteWebDriver.java:213)
	at org.openqa.selenium.remote.RemoteWebDriver.&lt;init&gt;(RemoteWebDriver.java:131)
	at org.openqa.selenium.edge.EdgeDriver.&lt;init&gt;(EdgeDriver.java:141)
	at org.openqa.selenium.edge.EdgeDriver.&lt;init&gt;(EdgeDriver.java:96)
	at browser.BaseClass.openEdgeBrowser(BaseClass.java:11)
	at Test123.Fb_login_test.launchbrowser(Fb_login_test.java:42)
... Removed 29 stack frames</pre></div><a href='#' onClick='toggleBox("stack-trace155581451", this, "Click to show all stack frames", "Click to hide stack frames")'>Click to show all stack frames</a>
<div class='stack-trace' id='stack-trace155581451'><pre>org.openqa.selenium.WebDriverException: chrome not reachable
Build info: version: &apos;3.141.59&apos;, revision: &apos;e82be7d358&apos;, time: &apos;2018-11-14T08:17:03&apos;
System info: host: &apos;DESKTOP-VHGDQ5C&apos;, ip: &apos;192.168.43.104&apos;, os.name: &apos;Windows 10&apos;, os.arch: &apos;amd64&apos;, os.version: &apos;10.0&apos;, java.version: &apos;17.0.2&apos;
Driver info: driver.version: EdgeDriver
remote stacktrace: Backtrace:
	Microsoft::Applications::Events::EventProperties::unpack [0x00007FF77340CC42+24658]
	Microsoft::Applications::Events::time_ticks_t::time_ticks_t [0x00007FF77334D332+539986]
	Ordinal0 [0x00007FF772E50DBB+658875]
	Ordinal0 [0x00007FF772E3FF6C+589676]
	Ordinal0 [0x00007FF772E7BC64+834660]
	Ordinal0 [0x00007FF772E77214+815636]
	Ordinal0 [0x00007FF772E72F3B+798523]
	Ordinal0 [0x00007FF772EACD9D+1035677]
	Ordinal0 [0x00007FF772EA74B3+1012915]
	Ordinal0 [0x00007FF772E7E440+844864]
	Ordinal0 [0x00007FF772E7F848+849992]
	Microsoft::Applications::Events::EventProperty::EventProperty [0x00007FF7731117F8+120584]
	Microsoft::Applications::Events::EventProperty::EventProperty [0x00007FF7730FCE3E+36174]
	Microsoft::Applications::Events::EventProperty::EventProperty [0x00007FF77310003C+48972]
	Microsoft::Applications::Events::EventProperty::to_string [0x00007FF772F50716+30806]
	Microsoft::Applications::Events::time_ticks_t::time_ticks_t [0x00007FF773354601+569377]
	Microsoft::Applications::Events::time_ticks_t::time_ticks_t [0x00007FF773359034+588372]
	Microsoft::Applications::Events::time_ticks_t::time_ticks_t [0x00007FF77335918D+588717]
	Microsoft::Applications::Events::time_ticks_t::time_ticks_t [0x00007FF77336291E+627518]
	BaseThreadInitThunk [0x00007FF9E2D47034+20]
	RtlUserThreadStart [0x00007FF9E45A2651+33]

	at java.base/jdk.internal.reflect.NativeConstructorAccessorImpl.newInstance0(Native Method)
	at java.base/jdk.internal.reflect.NativeConstructorAccessorImpl.newInstance(NativeConstructorAccessorImpl.java:77)
	at java.base/jdk.internal.reflect.DelegatingConstructorAccessorImpl.newInstance(DelegatingConstructorAccessorImpl.java:45)
	at java.base/java.lang.reflect.Constructor.newInstanceWithCaller(Constructor.java:499)
	at java.base/java.lang.reflect.Constructor.newInstance(Constructor.java:480)
	at org.openqa.selenium.remote.W3CHandshakeResponse.lambda$errorHandler$0(W3CHandshakeResponse.java:62)
	at org.openqa.selenium.remote.HandshakeResponse.lambda$getResponseFunction$0(HandshakeResponse.java:30)
	at org.openqa.selenium.remote.ProtocolHandshake.lambda$createSession$0(ProtocolHandshake.java:126)
	at java.base/java.util.stream.ReferencePipeline$3$1.accept(ReferencePipeline.java:197)
	at java.base/java.util.Spliterators$ArraySpliterator.tryAdvance(Spliterators.java:1002)
	at java.base/java.util.stream.ReferencePipeline.forEachWithCancel(ReferencePipeline.java:129)
	at java.base/java.util.stream.AbstractPipeline.copyIntoWithCancel(AbstractPipeline.java:527)
	at java.base/java.util.stream.AbstractPipeline.copyInto(AbstractPipeline.java:513)
	at java.base/java.util.stream.AbstractPipeline.wrapAndCopyInto(AbstractPipeline.java:499)
	at java.base/java.util.stream.FindOps$FindOp.evaluateSequential(FindOps.java:150)
	at java.base/java.util.stream.AbstractPipeline.evaluate(AbstractPipeline.java:234)
	at java.base/java.util.stream.ReferencePipeline.findFirst(ReferencePipeline.java:647)
	at org.openqa.selenium.remote.ProtocolHandshake.createSession(ProtocolHandshake.java:128)
	at org.openqa.selenium.remote.ProtocolHandshake.createSession(ProtocolHandshake.java:74)
	at org.openqa.selenium.remote.HttpCommandExecutor.execute(HttpCommandExecutor.java:136)
	at org.openqa.selenium.remote.service.DriverCommandExecutor.execute(DriverCommandExecutor.java:83)
	at org.openqa.selenium.remote.RemoteWebDriver.execute(RemoteWebDriver.java:552)
	at org.openqa.selenium.remote.RemoteWebDriver.startSession(RemoteWebDriver.java:213)
	at org.openqa.selenium.remote.RemoteWebDriver.&lt;init&gt;(RemoteWebDriver.java:131)
	at org.openqa.selenium.edge.EdgeDriver.&lt;init&gt;(EdgeDriver.java:141)
	at org.openqa.selenium.edge.EdgeDriver.&lt;init&gt;(EdgeDriver.java:96)
	at browser.BaseClass.openEdgeBrowser(BaseClass.java:11)
	at Test123.Fb_login_test.launchbrowser(Fb_login_test.java:42)
	at java.base/jdk.internal.reflect.NativeMethodAccessorImpl.invoke0(Native Method)
	at java.base/jdk.internal.reflect.NativeMethodAccessorImpl.invoke(NativeMethodAccessorImpl.java:77)
	at java.base/jdk.internal.reflect.DelegatingMethodAccessorImpl.invoke(DelegatingMethodAccessorImpl.java:43)
	at java.base/java.lang.reflect.Method.invoke(Method.java:568)
	at org.testng.internal.MethodInvocationHelper.invokeMethod(MethodInvocationHelper.java:133)
	at org.testng.internal.MethodInvocationHelper.invokeMethodConsideringTimeout(MethodInvocationHelper.java:62)
	at org.testng.internal.ConfigInvoker.invokeConfigurationMethod(ConfigInvoker.java:385)
	at org.testng.internal.ConfigInvoker.invokeConfigurations(ConfigInvoker.java:321)
	at org.testng.TestRunner.invokeTestConfigurations(TestRunner.java:637)
	at org.testng.TestRunner.beforeRun(TestRunner.java:627)
	at org.testng.TestRunner.run(TestRunner.java:589)
	at org.testng.SuiteRunner.runTest(SuiteRunner.java:377)
	at org.testng.SuiteRunner.runSequentially(SuiteRunner.java:371)
	at org.testng.SuiteRunner.privateRun(SuiteRunner.java:332)
	at org.testng.SuiteRunner.run(SuiteRunner.java:276)
	at org.testng.SuiteRunnerWorker.runSuite(SuiteRunnerWorker.java:53)
	at org.testng.SuiteRunnerWorker.run(SuiteRunnerWorker.java:96)
	at org.testng.TestNG.runSuitesSequentially(TestNG.java:1212)
	at org.testng.TestNG.runSuitesLocally(TestNG.java:1134)
	at org.testng.TestNG.runSuites(TestNG.java:1063)
	at org.testng.TestNG.run(TestNG.java:1031)
	at org.testng.remote.AbstractRemoteTestNG.run(AbstractRemoteTestNG.java:115)
	at org.testng.remote.RemoteTestNG.initAndRun(RemoteTestNG.java:251)
	at org.testng.remote.RemoteTestNG.main(RemoteTestNG.java:77)
</pre></div></td>
<td>0</td>
<td>Test123.Instagram_Login@7c711375</td></tr>
<tr>
<td title='Test123.Instagram_Login.title()'><b>title</b><br>Test class: Test123.Instagram_Login</td>
<td><div><pre>org.openqa.selenium.WebDriverException: chrome not reachable
Build info: version: &apos;3.141.59&apos;, revision: &apos;e82be7d358&apos;, time: &apos;2018-11-14T08:17:03&apos;
System info: host: &apos;DESKTOP-VHGDQ5C&apos;, ip: &apos;192.168.43.104&apos;, os.name: &apos;Windows 10&apos;, os.arch: &apos;amd64&apos;, os.version: &apos;10.0&apos;, java.version: &apos;17.0.2&apos;
Driver info: driver.version: EdgeDriver
remote stacktrace: Backtrace:
	Microsoft::Applications::Events::EventProperties::unpack [0x00007FF77340CC42+24658]
	Microsoft::Applications::Events::time_ticks_t::time_ticks_t [0x00007FF77334D332+539986]
	Ordinal0 [0x00007FF772E50DBB+658875]
	Ordinal0 [0x00007FF772E3FF6C+589676]
	Ordinal0 [0x00007FF772E7BC64+834660]
	Ordinal0 [0x00007FF772E77214+815636]
	Ordinal0 [0x00007FF772E72F3B+798523]
	Ordinal0 [0x00007FF772EACD9D+1035677]
	Ordinal0 [0x00007FF772EA74B3+1012915]
	Ordinal0 [0x00007FF772E7E440+844864]
	Ordinal0 [0x00007FF772E7F848+849992]
	Microsoft::Applications::Events::EventProperty::EventProperty [0x00007FF7731117F8+120584]
	Microsoft::Applications::Events::EventProperty::EventProperty [0x00007FF7730FCE3E+36174]
	Microsoft::Applications::Events::EventProperty::EventProperty [0x00007FF77310003C+48972]
	Microsoft::Applications::Events::EventProperty::to_string [0x00007FF772F50716+30806]
	Microsoft::Applications::Events::time_ticks_t::time_ticks_t [0x00007FF773354601+569377]
	Microsoft::Applications::Events::time_ticks_t::time_ticks_t [0x00007FF773359034+588372]
	Microsoft::Applications::Events::time_ticks_t::time_ticks_t [0x00007FF77335918D+588717]
	Microsoft::Applications::Events::time_ticks_t::time_ticks_t [0x00007FF77336291E+627518]
	BaseThreadInitThunk [0x00007FF9E2D47034+20]
	RtlUserThreadStart [0x00007FF9E45A2651+33]

	at org.openqa.selenium.remote.W3CHandshakeResponse.lambda$errorHandler$0(W3CHandshakeResponse.java:62)
	at org.openqa.selenium.remote.HandshakeResponse.lambda$getResponseFunction$0(HandshakeResponse.java:30)
	at org.openqa.selenium.remote.ProtocolHandshake.lambda$createSession$0(ProtocolHandshake.java:126)
	at java.base/java.util.stream.ReferencePipeline$3$1.accept(ReferencePipeline.java:197)
	at java.base/java.util.Spliterators$ArraySpliterator.tryAdvance(Spliterators.java:1002)
	at java.base/java.util.stream.ReferencePipeline.forEachWithCancel(ReferencePipeline.java:129)
	at java.base/java.util.stream.AbstractPipeline.copyIntoWithCancel(AbstractPipeline.java:527)
	at java.base/java.util.stream.AbstractPipeline.copyInto(AbstractPipeline.java:513)
	at java.base/java.util.stream.AbstractPipeline.wrapAndCopyInto(AbstractPipeline.java:499)
	at java.base/java.util.stream.FindOps$FindOp.evaluateSequential(FindOps.java:150)
	at java.base/java.util.stream.AbstractPipeline.evaluate(AbstractPipeline.java:234)
	at java.base/java.util.stream.ReferencePipeline.findFirst(ReferencePipeline.java:647)
	at org.openqa.selenium.remote.ProtocolHandshake.createSession(ProtocolHandshake.java:128)
	at org.openqa.selenium.remote.ProtocolHandshake.createSession(ProtocolHandshake.java:74)
	at org.openqa.selenium.remote.HttpCommandExecutor.execute(HttpCommandExecutor.java:136)
	at org.openqa.selenium.remote.service.DriverCommandExecutor.execute(DriverCommandExecutor.java:83)
	at org.openqa.selenium.remote.RemoteWebDriver.execute(RemoteWebDriver.java:552)
	at org.openqa.selenium.remote.RemoteWebDriver.startSession(RemoteWebDriver.java:213)
	at org.openqa.selenium.remote.RemoteWebDriver.&lt;init&gt;(RemoteWebDriver.java:131)
	at org.openqa.selenium.edge.EdgeDriver.&lt;init&gt;(EdgeDriver.java:141)
	at org.openqa.selenium.edge.EdgeDriver.&lt;init&gt;(EdgeDriver.java:96)
	at browser.BaseClass.openEdgeBrowser(BaseClass.java:11)
	at Test123.Fb_login_test.launchbrowser(Fb_login_test.java:42)
... Removed 29 stack frames</pre></div><a href='#' onClick='toggleBox("stack-trace104675554", this, "Click to show all stack frames", "Click to hide stack frames")'>Click to show all stack frames</a>
<div class='stack-trace' id='stack-trace104675554'><pre>org.openqa.selenium.WebDriverException: chrome not reachable
Build info: version: &apos;3.141.59&apos;, revision: &apos;e82be7d358&apos;, time: &apos;2018-11-14T08:17:03&apos;
System info: host: &apos;DESKTOP-VHGDQ5C&apos;, ip: &apos;192.168.43.104&apos;, os.name: &apos;Windows 10&apos;, os.arch: &apos;amd64&apos;, os.version: &apos;10.0&apos;, java.version: &apos;17.0.2&apos;
Driver info: driver.version: EdgeDriver
remote stacktrace: Backtrace:
	Microsoft::Applications::Events::EventProperties::unpack [0x00007FF77340CC42+24658]
	Microsoft::Applications::Events::time_ticks_t::time_ticks_t [0x00007FF77334D332+539986]
	Ordinal0 [0x00007FF772E50DBB+658875]
	Ordinal0 [0x00007FF772E3FF6C+589676]
	Ordinal0 [0x00007FF772E7BC64+834660]
	Ordinal0 [0x00007FF772E77214+815636]
	Ordinal0 [0x00007FF772E72F3B+798523]
	Ordinal0 [0x00007FF772EACD9D+1035677]
	Ordinal0 [0x00007FF772EA74B3+1012915]
	Ordinal0 [0x00007FF772E7E440+844864]
	Ordinal0 [0x00007FF772E7F848+849992]
	Microsoft::Applications::Events::EventProperty::EventProperty [0x00007FF7731117F8+120584]
	Microsoft::Applications::Events::EventProperty::EventProperty [0x00007FF7730FCE3E+36174]
	Microsoft::Applications::Events::EventProperty::EventProperty [0x00007FF77310003C+48972]
	Microsoft::Applications::Events::EventProperty::to_string [0x00007FF772F50716+30806]
	Microsoft::Applications::Events::time_ticks_t::time_ticks_t [0x00007FF773354601+569377]
	Microsoft::Applications::Events::time_ticks_t::time_ticks_t [0x00007FF773359034+588372]
	Microsoft::Applications::Events::time_ticks_t::time_ticks_t [0x00007FF77335918D+588717]
	Microsoft::Applications::Events::time_ticks_t::time_ticks_t [0x00007FF77336291E+627518]
	BaseThreadInitThunk [0x00007FF9E2D47034+20]
	RtlUserThreadStart [0x00007FF9E45A2651+33]

	at java.base/jdk.internal.reflect.NativeConstructorAccessorImpl.newInstance0(Native Method)
	at java.base/jdk.internal.reflect.NativeConstructorAccessorImpl.newInstance(NativeConstructorAccessorImpl.java:77)
	at java.base/jdk.internal.reflect.DelegatingConstructorAccessorImpl.newInstance(DelegatingConstructorAccessorImpl.java:45)
	at java.base/java.lang.reflect.Constructor.newInstanceWithCaller(Constructor.java:499)
	at java.base/java.lang.reflect.Constructor.newInstance(Constructor.java:480)
	at org.openqa.selenium.remote.W3CHandshakeResponse.lambda$errorHandler$0(W3CHandshakeResponse.java:62)
	at org.openqa.selenium.remote.HandshakeResponse.lambda$getResponseFunction$0(HandshakeResponse.java:30)
	at org.openqa.selenium.remote.ProtocolHandshake.lambda$createSession$0(ProtocolHandshake.java:126)
	at java.base/java.util.stream.ReferencePipeline$3$1.accept(ReferencePipeline.java:197)
	at java.base/java.util.Spliterators$ArraySpliterator.tryAdvance(Spliterators.java:1002)
	at java.base/java.util.stream.ReferencePipeline.forEachWithCancel(ReferencePipeline.java:129)
	at java.base/java.util.stream.AbstractPipeline.copyIntoWithCancel(AbstractPipeline.java:527)
	at java.base/java.util.stream.AbstractPipeline.copyInto(AbstractPipeline.java:513)
	at java.base/java.util.stream.AbstractPipeline.wrapAndCopyInto(AbstractPipeline.java:499)
	at java.base/java.util.stream.FindOps$FindOp.evaluateSequential(FindOps.java:150)
	at java.base/java.util.stream.AbstractPipeline.evaluate(AbstractPipeline.java:234)
	at java.base/java.util.stream.ReferencePipeline.findFirst(ReferencePipeline.java:647)
	at org.openqa.selenium.remote.ProtocolHandshake.createSession(ProtocolHandshake.java:128)
	at org.openqa.selenium.remote.ProtocolHandshake.createSession(ProtocolHandshake.java:74)
	at org.openqa.selenium.remote.HttpCommandExecutor.execute(HttpCommandExecutor.java:136)
	at org.openqa.selenium.remote.service.DriverCommandExecutor.execute(DriverCommandExecutor.java:83)
	at org.openqa.selenium.remote.RemoteWebDriver.execute(RemoteWebDriver.java:552)
	at org.openqa.selenium.remote.RemoteWebDriver.startSession(RemoteWebDriver.java:213)
	at org.openqa.selenium.remote.RemoteWebDriver.&lt;init&gt;(RemoteWebDriver.java:131)
	at org.openqa.selenium.edge.EdgeDriver.&lt;init&gt;(EdgeDriver.java:141)
	at org.openqa.selenium.edge.EdgeDriver.&lt;init&gt;(EdgeDriver.java:96)
	at browser.BaseClass.openEdgeBrowser(BaseClass.java:11)
	at Test123.Fb_login_test.launchbrowser(Fb_login_test.java:42)
	at java.base/jdk.internal.reflect.NativeMethodAccessorImpl.invoke0(Native Method)
	at java.base/jdk.internal.reflect.NativeMethodAccessorImpl.invoke(NativeMethodAccessorImpl.java:77)
	at java.base/jdk.internal.reflect.DelegatingMethodAccessorImpl.invoke(DelegatingMethodAccessorImpl.java:43)
	at java.base/java.lang.reflect.Method.invoke(Method.java:568)
	at org.testng.internal.MethodInvocationHelper.invokeMethod(MethodInvocationHelper.java:133)
	at org.testng.internal.MethodInvocationHelper.invokeMethodConsideringTimeout(MethodInvocationHelper.java:62)
	at org.testng.internal.ConfigInvoker.invokeConfigurationMethod(ConfigInvoker.java:385)
	at org.testng.internal.ConfigInvoker.invokeConfigurations(ConfigInvoker.java:321)
	at org.testng.TestRunner.invokeTestConfigurations(TestRunner.java:637)
	at org.testng.TestRunner.beforeRun(TestRunner.java:627)
	at org.testng.TestRunner.run(TestRunner.java:589)
	at org.testng.SuiteRunner.runTest(SuiteRunner.java:377)
	at org.testng.SuiteRunner.runSequentially(SuiteRunner.java:371)
	at org.testng.SuiteRunner.privateRun(SuiteRunner.java:332)
	at org.testng.SuiteRunner.run(SuiteRunner.java:276)
	at org.testng.SuiteRunnerWorker.runSuite(SuiteRunnerWorker.java:53)
	at org.testng.SuiteRunnerWorker.run(SuiteRunnerWorker.java:96)
	at org.testng.TestNG.runSuitesSequentially(TestNG.java:1212)
	at org.testng.TestNG.runSuitesLocally(TestNG.java:1134)
	at org.testng.TestNG.runSuites(TestNG.java:1063)
	at org.testng.TestNG.run(TestNG.java:1031)
	at org.testng.remote.AbstractRemoteTestNG.run(AbstractRemoteTestNG.java:115)
	at org.testng.remote.RemoteTestNG.initAndRun(RemoteTestNG.java:251)
	at org.testng.remote.RemoteTestNG.main(RemoteTestNG.java:77)
</pre></div></td>
<td>0</td>
<td>Test123.Instagram_Login@7c711375</td></tr>
</table><p>
</body>
</html>