<?xml version="1.0" encoding="UTF-8"?>
<!-- Generated by org.testng.reporters.JUnitXMLReporter -->
<testsuite ignored="0" hostname="DESKTOP-VHGDQ5C" failures="0" tests="13" name="Test" time="0.72" errors="0" timestamp="2022-05-26T00:28:01 IST">
  <testcase classname="Test123.Fb_login_test" name="@BeforeTest launchbrowser" time="-1.653505080614E9">
    <failure type="org.testng.TestNGException" message="
Parameter &amp;apos;browser&amp;apos; is required by BeforeTest on method launchbrowser but has not been marked @Optional or defined
in C:\Users\Lenovo\eclipse-workspace\TestingNewProject\testng.xml">
      <![CDATA[org.testng.TestNGException: 
Parameter 'browser' is required by BeforeTest on method launchbrowser but has not been marked @Optional or defined
in C:\Users\Lenovo\eclipse-workspace\TestingNewProject\testng.xml
... Removed 21 stack frames]]>
    </failure>
  </testcase> <!-- @BeforeTest launchbrowser -->
  <testcase classname="Test123.Instagram_Login" name="@BeforeTest launchbrowser" time="-1.653505080657E9">
    <skipped/>
  </testcase> <!-- @BeforeTest launchbrowser -->
  <testcase classname="Test123.kokilaben_test" name="@BeforeClass setbrowser" time="-1.653505080786E9">
    <skipped/>
  </testcase> <!-- @BeforeClass setbrowser -->
  <testcase classname="Test123.kokilaben_test" name="@BeforeMethod launchbrowser" time="-1.653505080847E9">
    <skipped/>
  </testcase> <!-- @BeforeMethod launchbrowser -->
  <testcase classname="Test123.kokilaben_test" name="@AfterMethod endprogram" time="-1.653505080955E9">
    <skipped/>
  </testcase> <!-- @AfterMethod endprogram -->
  <testcase classname="Test123.kokilaben_test" name="@AfterClass close" time="-1.653505080965E9">
    <skipped/>
  </testcase> <!-- @AfterClass close -->
  <testcase classname="Test123.Instagram_Login" name="@BeforeClass setbrowser" time="-1.653505080977E9">
    <skipped/>
  </testcase> <!-- @BeforeClass setbrowser -->
  <testcase classname="Test123.Instagram_Login" name="@BeforeMethod launchbrowser" time="-1.653505080982E9">
    <skipped/>
  </testcase> <!-- @BeforeMethod launchbrowser -->
  <testcase classname="Test123.Instagram_Login" name="@AfterMethod login" time="-1.653505080994E9">
    <skipped/>
  </testcase> <!-- @AfterMethod login -->
  <testcase classname="Test123.Instagram_Login" name="@BeforeMethod launchbrowser" time="-1.653505080997E9">
    <skipped/>
  </testcase> <!-- @BeforeMethod launchbrowser -->
  <testcase classname="Test123.Instagram_Login" name="@AfterMethod login" time="-1.653505081009E9">
    <skipped/>
  </testcase> <!-- @AfterMethod login -->
  <testcase classname="Test123.Instagram_Login" name="@BeforeMethod launchbrowser" time="-1.653505081014E9">
    <skipped/>
  </testcase> <!-- @BeforeMethod launchbrowser -->
  <testcase classname="Test123.Instagram_Login" name="@AfterMethod login" time="-1.653505081034E9">
    <skipped/>
  </testcase> <!-- @AfterMethod login -->
  <testcase classname="Test123.Instagram_Login" name="@BeforeMethod launchbrowser" time="-1.65350508104E9">
    <skipped/>
  </testcase> <!-- @BeforeMethod launchbrowser -->
  <testcase classname="Test123.Instagram_Login" name="@AfterMethod login" time="-1.65350508106E9">
    <skipped/>
  </testcase> <!-- @AfterMethod login -->
  <testcase classname="Test123.Instagram_Login" name="@BeforeMethod launchbrowser" time="-1.653505081065E9">
    <skipped/>
  </testcase> <!-- @BeforeMethod launchbrowser -->
  <testcase classname="Test123.Instagram_Login" name="@AfterMethod login" time="-1.653505081091E9">
    <skipped/>
  </testcase> <!-- @AfterMethod login -->
  <testcase classname="Test123.Instagram_Login" name="@AfterClass end" time="-1.653505081106E9">
    <skipped/>
  </testcase> <!-- @AfterClass end -->
  <testcase classname="Test123.Fb_login_test" name="@BeforeClass setbrowser" time="-1.653505081109E9">
    <skipped/>
  </testcase> <!-- @BeforeClass setbrowser -->
  <testcase classname="Test123.Fb_login_test" name="@BeforeMethod launchbrowser" time="-1.653505081112E9">
    <skipped/>
  </testcase> <!-- @BeforeMethod launchbrowser -->
  <testcase classname="Test123.Fb_login_test" name="@AfterMethod method" time="-1.653505081133E9">
    <skipped/>
  </testcase> <!-- @AfterMethod method -->
  <testcase classname="Test123.Fb_login_test" name="@AfterClass deleteobject" time="-1.653505081203E9">
    <skipped/>
  </testcase> <!-- @AfterClass deleteobject -->
  <testcase classname="Test123.Fb_login_test" name="@AfterTest closebrowser" time="-1.653505081299E9">
    <skipped/>
  </testcase> <!-- @AfterTest closebrowser -->
  <testcase classname="Test123.Instagram_Login" name="@AfterTest delete" time="-1.653505081302E9">
    <skipped/>
  </testcase> <!-- @AfterTest delete -->
  <testcase classname="Test123.kokilaben_test" name="verification" time="0.0">
    <skipped/>
  </testcase> <!-- verification -->
  <testcase classname="Test123.Instagram_Login" name="title" time="0.0">
    <skipped/>
  </testcase> <!-- title -->
  <testcase classname="Test123.Instagram_Login" name="title" time="0.0">
    <skipped/>
  </testcase> <!-- title -->
  <testcase classname="Test123.Instagram_Login" name="title" time="0.0">
    <skipped/>
  </testcase> <!-- title -->
  <testcase classname="Test123.Instagram_Login" name="title" time="0.0">
    <skipped/>
  </testcase> <!-- title -->
  <testcase classname="Test123.Instagram_Login" name="title" time="0.0">
    <skipped/>
  </testcase> <!-- title -->
  <testcase classname="Test123.Instagram_Login" name="verificationtest" time="0.0">
    <skipped/>
  </testcase> <!-- verificationtest -->
  <testcase classname="Test123.Fb_login_test" name="test" time="0.0">
    <skipped/>
  </testcase> <!-- test -->
  <testcase classname="Test123.Fb_login_test" name="test1" time="0.0">
    <skipped/>
  </testcase> <!-- test1 -->
  <testcase classname="Test123.TeatNg_Class" name="delta" time="0.0">
    <skipped/>
  </testcase> <!-- delta -->
  <testcase classname="Test123.TeatNg_Class" name="setbrowser" time="0.0">
    <skipped/>
  </testcase> <!-- setbrowser -->
  <testcase classname="Test123.TeatNg_Class" name="setbrowser" time="0.0">
    <skipped/>
  </testcase> <!-- setbrowser -->
  <testcase classname="Test123.TeatNg_Class" name="launchbrowser" time="0.0">
    <skipped/>
  </testcase> <!-- launchbrowser -->
</testsuite> <!-- Test -->
